

================================================================
== Vivado HLS Report for 'aes_process_2'
================================================================
* Date:           Mon Dec 13 15:29:31 2021

* Version:        2019.1 (Build 2552052 on Fri May 24 15:28:33 MDT 2019)
* Project:        AES-XTS
* Solution:       solution1
* Product family: zynq
* Target device:  xc7z020-clg400-1


================================================================
== Performance Estimates
================================================================
+ Timing (ns): 
    * Summary: 
    +--------+-------+----------+------------+
    |  Clock | Target| Estimated| Uncertainty|
    +--------+-------+----------+------------+
    |ap_clk  |  10.00|     7.255|        1.25|
    +--------+-------+----------+------------+

+ Latency (clock cycles): 
    * Summary: 
    +------+------+------+------+---------+
    |   Latency   |   Interval  | Pipeline|
    |  min |  max |  min |  max |   Type  |
    +------+------+------+------+---------+
    |  3136|  4761|  3136|  4761|   none  |
    +------+------+------+------+---------+

    + Detail: 
        * Instance: 
        +---------------------------------+----------------------+-----+-----+-----+-----+---------+
        |                                 |                      |  Latency  |  Interval | Pipeline|
        |             Instance            |        Module        | min | max | min | max |   Type  |
        +---------------------------------+----------------------+-----+-----+-----+-----+---------+
        |grp_aes_shift_rows_fu_238        |aes_shift_rows        |   31|   70|   31|   70|   none  |
        |grp_aes_mix_columns8_fu_244      |aes_mix_columns8      |   81|   81|   81|   81|   none  |
        |grp_aes_get_round_key5_fu_260    |aes_get_round_key5    |   41|   41|   41|   41|   none  |
        |grp_aes_substitute_bytes_fu_268  |aes_substitute_bytes  |   57|   57|   57|   57|   none  |
        |grp_aes_add_round_key_fu_276     |aes_add_round_key     |   41|   41|   41|   41|   none  |
        +---------------------------------+----------------------+-----+-----+-----+-----+---------+

        * Loop: 
        +-------------+------+------+-----------+-----------+-----------+------+----------+
        |             |   Latency   | Iteration |  Initiation Interval  | Trip |          |
        |  Loop Name  |  min |  max |  Latency  |  achieved |   target  | Count| Pipelined|
        +-------------+------+------+-----------+-----------+-----------+------+----------+
        |- Loop 1     |    40|    40|         10|          -|          -|     4|    no    |
        | + Loop 1.1  |     8|     8|          2|          -|          -|     4|    no    |
        |- Loop 2     |  2834|  4420| 218 ~ 340 |          -|          -|    13|    no    |
        |- Loop 3     |    40|    40|         10|          -|          -|     4|    no    |
        | + Loop 3.1  |     8|     8|          2|          -|          -|     4|    no    |
        +-------------+------+------+-----------+-----------+-----------+------+----------+



================================================================
== Utilization Estimates
================================================================
* Summary: 
+-----------------+---------+-------+--------+-------+-----+
|       Name      | BRAM_18K| DSP48E|   FF   |  LUT  | URAM|
+-----------------+---------+-------+--------+-------+-----+
|DSP              |        -|      -|       -|      -|    -|
|Expression       |        -|      -|       0|    258|    -|
|FIFO             |        -|      -|       -|      -|    -|
|Instance         |        -|      -|     683|   1397|    -|
|Memory           |        0|      -|      64|      8|    0|
|Multiplexer      |        -|      -|       -|    558|    -|
|Register         |        -|      -|     155|      -|    -|
+-----------------+---------+-------+--------+-------+-----+
|Total            |        0|      0|     902|   2221|    0|
+-----------------+---------+-------+--------+-------+-----+
|Available        |      280|    220|  106400|  53200|    0|
+-----------------+---------+-------+--------+-------+-----+
|Utilization (%)  |        0|      0|   ~0   |      4|    0|
+-----------------+---------+-------+--------+-------+-----+

+ Detail: 
    * Instance: 
    +---------------------------------+----------------------+---------+-------+-----+-----+-----+
    |             Instance            |        Module        | BRAM_18K| DSP48E|  FF | LUT | URAM|
    +---------------------------------+----------------------+---------+-------+-----+-----+-----+
    |grp_aes_add_round_key_fu_276     |aes_add_round_key     |        0|      0|   23|  133|    0|
    |grp_aes_get_round_key5_fu_260    |aes_get_round_key5    |        0|      0|   39|  135|    0|
    |grp_aes_mix_columns8_fu_244      |aes_mix_columns8      |        0|      0|  128|  296|    0|
    |grp_aes_shift_rows_fu_238        |aes_shift_rows        |        0|      0|  467|  697|    0|
    |grp_aes_substitute_bytes_fu_268  |aes_substitute_bytes  |        0|      0|   26|  136|    0|
    +---------------------------------+----------------------+---------+-------+-----+-----+-----+
    |Total                            |                      |        0|      0|  683| 1397|    0|
    +---------------------------------+----------------------+---------+-------+-----+-----+-----+

    * DSP48E: 
    N/A

    * Memory: 
    +------------------+----------------------+---------+----+----+-----+------+-----+------+-------------+
    |      Memory      |        Module        | BRAM_18K| FF | LUT| URAM| Words| Bits| Banks| W*Bits*Banks|
    +------------------+----------------------+---------+----+----+-----+------+-----+------+-------------+
    |state_matrix_V_U  |aes_process_1_stadEe  |        0|  32|   4|    0|    16|   16|     1|          256|
    |round_key_V_U     |aes_process_1_stadEe  |        0|  32|   4|    0|    16|   16|     1|          256|
    +------------------+----------------------+---------+----+----+-----+------+-----+------+-------------+
    |Total             |                      |        0|  64|   8|    0|    32|   32|     2|          512|
    +------------------+----------------------+---------+----+----+-----+------+-----+------+-------------+

    * FIFO: 
    N/A

    * Expression: 
    +----------------------------------+----------+-------+---+----+------------+------------+
    |           Variable Name          | Operation| DSP48E| FF| LUT| Bitwidth P0| Bitwidth P1|
    +----------------------------------+----------+-------+---+----+------------+------------+
    |add_ln16_fu_434_p2                |     +    |      0|  0|  15|           6|           6|
    |add_ln180_5_fu_494_p2             |     +    |      0|  0|  13|          11|          11|
    |add_ln180_6_fu_511_p2             |     +    |      0|  0|  15|           6|           6|
    |add_ln180_fu_342_p2               |     +    |      0|  0|  15|           6|           6|
    |add_ln700_fu_521_p2               |     +    |      0|  0|  15|           5|           1|
    |column_fu_462_p2                  |     +    |      0|  0|  12|           3|           1|
    |i_3_fu_300_p2                     |     +    |      0|  0|  12|           3|           1|
    |i_V_fu_468_p2                     |     +    |      0|  0|  15|           5|           3|
    |i_fu_445_p2                       |     +    |      0|  0|  13|           4|           1|
    |j_fu_332_p2                       |     +    |      0|  0|  12|           3|           1|
    |ret_V_3_fu_359_p2                 |     +    |      0|  0|  13|           4|           4|
    |round_fu_413_p2                   |     +    |      0|  0|  15|           7|           7|
    |row_fu_484_p2                     |     +    |      0|  0|  12|           3|           1|
    |sub_ln24_fu_403_p2                |     -    |      0|  0|  15|           6|           6|
    |icmp_ln19_fu_380_p2               |   icmp   |      0|  0|   8|           2|           1|
    |icmp_ln228_fu_294_p2              |   icmp   |      0|  0|   9|           3|           4|
    |icmp_ln230_fu_326_p2              |   icmp   |      0|  0|   9|           3|           4|
    |icmp_ln242_fu_456_p2              |   icmp   |      0|  0|   9|           3|           4|
    |icmp_ln244_fu_478_p2              |   icmp   |      0|  0|   9|           3|           4|
    |icmp_ln24_fu_439_p2               |   icmp   |      0|  0|   9|           4|           3|
    |icmp_ln30_fu_426_p2               |   icmp   |      0|  0|   8|           2|           2|
    |ap_block_state18_on_subcall_done  |    or    |      0|  0|   2|           1|           1|
    |select_ln26_fu_418_p3             |  select  |      0|  0|   3|           1|           1|
    +----------------------------------+----------+-------+---+----+------------+------------+
    |Total                             |          |      0|  0| 258|          94|          79|
    +----------------------------------+----------+-------+---+----+------------+------------+

    * Multiplexer: 
    +-----------------------------------------------+-----+-----------+-----+-----------+
    |                      Name                     | LUT | Input Size| Bits| Total Bits|
    +-----------------------------------------------+-----+-----------+-----+-----------+
    |ap_NS_fsm                                      |  121|         26|    1|         26|
    |column_0_i_reg_206                             |    9|          2|    3|          6|
    |expanded_key_V_ce0                             |    9|          2|    1|          2|
    |grp_aes_get_round_key5_fu_260_round            |   21|          4|    7|         28|
    |grp_aes_mix_columns8_fu_244_state_matrix_V_q0  |   15|          3|   16|         48|
    |grp_aes_mix_columns8_fu_244_state_matrix_V_q1  |   15|          3|   16|         48|
    |i_0_reg_183                                    |    9|          2|    4|          8|
    |i_op_assign_2_reg_152                          |    9|          2|    3|          6|
    |i_op_assign_reg_163                            |    9|          2|    3|          6|
    |mix_column_constant_matrices_0_V_ce0           |    9|          2|    1|          2|
    |mix_column_constant_matrices_1_V_ce0           |    9|          2|    1|          2|
    |mix_column_constant_matrices_2_V_ce0           |    9|          2|    1|          2|
    |mix_column_constant_matrices_3_V_ce0           |    9|          2|    1|          2|
    |multiplication_V_ce0                           |    9|          2|    1|          2|
    |multiplication_V_ce1                           |    9|          2|    1|          2|
    |p_04_0_i_reg_194                               |    9|          2|    5|         10|
    |p_04_1_i_reg_217                               |    9|          2|    5|         10|
    |round_1_reg_174                                |    9|          2|    6|         12|
    |round_key_V_address0                           |   21|          4|    4|         16|
    |round_key_V_ce0                                |   21|          4|    1|          4|
    |round_key_V_ce1                                |    9|          2|    1|          2|
    |round_key_V_d0                                 |   15|          3|   16|         48|
    |round_key_V_we0                                |   15|          3|    1|          3|
    |row_0_i_reg_227                                |    9|          2|    3|          6|
    |s_boxes_V_ce0                                  |    9|          2|    1|          2|
    |state_matrix_V_address0                        |   38|          7|    4|         28|
    |state_matrix_V_ce0                             |   33|          6|    1|          6|
    |state_matrix_V_ce1                             |    9|          2|    1|          2|
    |state_matrix_V_d0                              |   33|          6|   16|         96|
    |state_matrix_V_we0                             |   33|          6|    1|          6|
    |text_V_address0                                |   15|          3|   10|         30|
    +-----------------------------------------------+-----+-----------+-----+-----------+
    |Total                                          |  558|        114|  136|        471|
    +-----------------------------------------------+-----+-----------+-----+-----------+

    * Register: 
    +----------------------------------------------+----+----+-----+-----------+
    |                     Name                     | FF | LUT| Bits| Const Bits|
    +----------------------------------------------+----+----+-----+-----------+
    |add_ln16_reg_619                              |   6|   0|    6|          0|
    |add_ln180_5_reg_663                           |  11|   0|   11|          0|
    |add_ln180_reg_589                             |   6|   0|    6|          0|
    |add_ln700_reg_673                             |   5|   0|    5|          0|
    |ap_CS_fsm                                     |  25|   0|   25|          0|
    |column_0_i_reg_206                            |   3|   0|    3|          0|
    |column_reg_640                                |   3|   0|    3|          0|
    |grp_aes_add_round_key_fu_276_ap_start_reg     |   1|   0|    1|          0|
    |grp_aes_get_round_key5_fu_260_ap_start_reg    |   1|   0|    1|          0|
    |grp_aes_mix_columns8_fu_244_ap_start_reg      |   1|   0|    1|          0|
    |grp_aes_shift_rows_fu_238_ap_start_reg        |   1|   0|    1|          0|
    |grp_aes_substitute_bytes_fu_268_ap_start_reg  |   1|   0|    1|          0|
    |i_0_reg_183                                   |   4|   0|    4|          0|
    |i_3_reg_560                                   |   3|   0|    3|          0|
    |i_V_reg_645                                   |   5|   0|    5|          0|
    |i_op_assign_2_reg_152                         |   3|   0|    3|          0|
    |i_op_assign_reg_163                           |   3|   0|    3|          0|
    |i_reg_627                                     |   4|   0|    4|          0|
    |icmp_ln30_reg_610                             |   1|   0|    1|          0|
    |j_reg_584                                     |   3|   0|    3|          0|
    |p_04_0_i_reg_194                              |   5|   0|    5|          0|
    |p_04_1_i_reg_217                              |   5|   0|    5|          0|
    |round_1_reg_174                               |   6|   0|    6|          0|
    |round_reg_599                                 |   7|   0|    7|          0|
    |row_0_i_reg_227                               |   3|   0|    3|          0|
    |row_reg_658                                   |   3|   0|    3|          0|
    |select_ln26_reg_604                           |   2|   0|    2|          0|
    |sext_ln16_reg_614                             |   6|   0|    6|          0|
    |sext_ln29_reg_632                             |   7|   0|    7|          0|
    |zext_ln14_reg_575                             |   6|   0|    7|          1|
    |zext_ln180_cast_reg_552                       |   6|   0|   11|          5|
    |zext_ln230_2_reg_565                          |   3|   0|    6|          3|
    |zext_ln230_reg_570                            |   3|   0|    4|          1|
    |zext_ln244_reg_650                            |   3|   0|    6|          3|
    +----------------------------------------------+----+----+-----+-----------+
    |Total                                         | 155|   0|  168|         13|
    +----------------------------------------------+----+----+-----+-----------+



================================================================
== Interface
================================================================
* Summary: 
+-------------------------------------------+-----+-----+------------+----------------------------------+--------------+
|                 RTL Ports                 | Dir | Bits|  Protocol  |           Source Object          |    C Type    |
+-------------------------------------------+-----+-----+------------+----------------------------------+--------------+
|ap_clk                                     |  in |    1| ap_ctrl_hs |           aes_process.2          | return value |
|ap_rst                                     |  in |    1| ap_ctrl_hs |           aes_process.2          | return value |
|ap_start                                   |  in |    1| ap_ctrl_hs |           aes_process.2          | return value |
|ap_done                                    | out |    1| ap_ctrl_hs |           aes_process.2          | return value |
|ap_idle                                    | out |    1| ap_ctrl_hs |           aes_process.2          | return value |
|ap_ready                                   | out |    1| ap_ctrl_hs |           aes_process.2          | return value |
|text_V_address0                            | out |   10|  ap_memory |              text_V              |     array    |
|text_V_ce0                                 | out |    1|  ap_memory |              text_V              |     array    |
|text_V_we0                                 | out |    1|  ap_memory |              text_V              |     array    |
|text_V_d0                                  | out |   16|  ap_memory |              text_V              |     array    |
|text_V_q0                                  |  in |   16|  ap_memory |              text_V              |     array    |
|sequence_out_V_offset                      |  in |    6|   ap_none  |       sequence_out_V_offset      |    scalar    |
|initial_round                              |  in |    6|   ap_none  |           initial_round          |    scalar    |
|round_factor                               |  in |    2|   ap_none  |           round_factor           |    scalar    |
|expanded_key_V_address0                    | out |    8|  ap_memory |          expanded_key_V          |     array    |
|expanded_key_V_ce0                         | out |    1|  ap_memory |          expanded_key_V          |     array    |
|expanded_key_V_q0                          |  in |   16|  ap_memory |          expanded_key_V          |     array    |
|s_boxes_V_address0                         | out |   10|  ap_memory |             s_boxes_V            |     array    |
|s_boxes_V_ce0                              | out |    1|  ap_memory |             s_boxes_V            |     array    |
|s_boxes_V_q0                               |  in |    8|  ap_memory |             s_boxes_V            |     array    |
|mix_column_constant_matrices_0_V_address0  | out |    4|  ap_memory | mix_column_constant_matrices_0_V |     array    |
|mix_column_constant_matrices_0_V_ce0       | out |    1|  ap_memory | mix_column_constant_matrices_0_V |     array    |
|mix_column_constant_matrices_0_V_q0        |  in |    6|  ap_memory | mix_column_constant_matrices_0_V |     array    |
|mix_column_constant_matrices_1_V_address0  | out |    4|  ap_memory | mix_column_constant_matrices_1_V |     array    |
|mix_column_constant_matrices_1_V_ce0       | out |    1|  ap_memory | mix_column_constant_matrices_1_V |     array    |
|mix_column_constant_matrices_1_V_q0        |  in |    6|  ap_memory | mix_column_constant_matrices_1_V |     array    |
|mix_column_constant_matrices_2_V_address0  | out |    4|  ap_memory | mix_column_constant_matrices_2_V |     array    |
|mix_column_constant_matrices_2_V_ce0       | out |    1|  ap_memory | mix_column_constant_matrices_2_V |     array    |
|mix_column_constant_matrices_2_V_q0        |  in |    6|  ap_memory | mix_column_constant_matrices_2_V |     array    |
|mix_column_constant_matrices_3_V_address0  | out |    4|  ap_memory | mix_column_constant_matrices_3_V |     array    |
|mix_column_constant_matrices_3_V_ce0       | out |    1|  ap_memory | mix_column_constant_matrices_3_V |     array    |
|mix_column_constant_matrices_3_V_q0        |  in |    6|  ap_memory | mix_column_constant_matrices_3_V |     array    |
|multiplication_V_address0                  | out |   12|  ap_memory |         multiplication_V         |     array    |
|multiplication_V_ce0                       | out |    1|  ap_memory |         multiplication_V         |     array    |
|multiplication_V_q0                        |  in |    8|  ap_memory |         multiplication_V         |     array    |
|multiplication_V_address1                  | out |   12|  ap_memory |         multiplication_V         |     array    |
|multiplication_V_ce1                       | out |    1|  ap_memory |         multiplication_V         |     array    |
|multiplication_V_q1                        |  in |    8|  ap_memory |         multiplication_V         |     array    |
+-------------------------------------------+-----+-----+------------+----------------------------------+--------------+

