

================================================================
== Vivado HLS Report for 'aes_process_240'
================================================================
* Date:           Sun Dec 12 23:30:58 2021

* Version:        2019.1 (Build 2552052 on Fri May 24 15:28:33 MDT 2019)
* Project:        AES-XTS
* Solution:       solution1
* Product family: zynq
* Target device:  xc7z020-clg400-1


================================================================
== Performance Estimates
================================================================
+ Timing (ns): 
    * Summary: 
    +--------+-------+----------+------------+
    |  Clock | Target| Estimated| Uncertainty|
    +--------+-------+----------+------------+
    |ap_clk  |  10.00|     8.750|        1.25|
    +--------+-------+----------+------------+

+ Latency (clock cycles): 
    * Summary: 
    +-------+-------+-------+-------+---------+
    |    Latency    |    Interval   | Pipeline|
    |  min  |  max  |  min  |  max  |   Type  |
    +-------+-------+-------+-------+---------+
    |  16823|  17369|  16823|  17369|   none  |
    +-------+-------+-------+-------+---------+

    + Detail: 
        * Instance: 
        +-----------------------------------+------------------------+-----+-----+-----+-----+---------+
        |                                   |                        |  Latency  |  Interval | Pipeline|
        |              Instance             |         Module         | min | max | min | max |   Type  |
        +-----------------------------------+------------------------+-----+-----+-----+-----+---------+
        |grp_aes_mix_columns84142_2_fu_258  |aes_mix_columns84142_2  |  497|  497|  497|  497|   none  |
        |grp_aes_mix_columns84142_fu_269    |aes_mix_columns84142    |  497|  497|  497|  497|   none  |
        |grp_aes_shift_rows_fu_280          |aes_shift_rows          |   31|   70|   31|   70|   none  |
        |grp_aes_substitute_bytes_fu_287    |aes_substitute_bytes    |  185|  185|  185|  185|   none  |
        |grp_aes_get_round_key5_fu_297      |aes_get_round_key5      |   41|   41|   41|   41|   none  |
        |grp_aes_add_round_key_fu_307       |aes_add_round_key       |   41|   41|   41|   41|   none  |
        +-----------------------------------+------------------------+-----+-----+-----+-----+---------+

        * Loop: 
        +-------------+-------+-------+-------------+-----------+-----------+------+----------+
        |             |    Latency    |  Iteration  |  Initiation Interval  | Trip |          |
        |  Loop Name  |  min  |  max  |   Latency   |  achieved |   target  | Count| Pipelined|
        +-------------+-------+-------+-------------+-----------+-----------+------+----------+
        |- Loop 1     |     40|     40|           10|          -|          -|     4|    no    |
        | + Loop 1.1  |      8|      8|            2|          -|          -|     4|    no    |
        |- Loop 2     |  16393|  16900| 1261 ~ 1300 |          -|          -|    13|    no    |
        |- Loop 3     |     40|     40|           10|          -|          -|     4|    no    |
        | + Loop 3.1  |      8|      8|            2|          -|          -|     4|    no    |
        +-------------+-------+-------+-------------+-----------+-----------+------+----------+



================================================================
== Utilization Estimates
================================================================
* Summary: 
+-----------------+---------+-------+--------+-------+-----+
|       Name      | BRAM_18K| DSP48E|   FF   |  LUT  | URAM|
+-----------------+---------+-------+--------+-------+-----+
|DSP              |        -|      -|       -|      -|    -|
|Expression       |        -|      -|       0|    207|    -|
|FIFO             |        -|      -|       -|      -|    -|
|Instance         |        -|      -|    1968|   4155|    -|
|Memory           |        0|      -|      64|      8|    0|
|Multiplexer      |        -|      -|       -|    873|    -|
|Register         |        -|      -|     127|      -|    -|
+-----------------+---------+-------+--------+-------+-----+
|Total            |        0|      0|    2159|   5243|    0|
+-----------------+---------+-------+--------+-------+-----+
|Available        |      280|    220|  106400|  53200|    0|
+-----------------+---------+-------+--------+-------+-----+
|Utilization (%)  |        0|      0|       2|      9|    0|
+-----------------+---------+-------+--------+-------+-----+

+ Detail: 
    * Instance: 
    +-----------------------------------+------------------------+---------+-------+-----+------+-----+
    |              Instance             |         Module         | BRAM_18K| DSP48E|  FF |  LUT | URAM|
    +-----------------------------------+------------------------+---------+-------+-----+------+-----+
    |grp_aes_add_round_key_fu_307       |aes_add_round_key       |        0|      0|   23|   133|    0|
    |grp_aes_get_round_key5_fu_297      |aes_get_round_key5      |        0|      0|   39|   135|    0|
    |grp_aes_mix_columns84142_fu_269    |aes_mix_columns84142    |        0|      0|  664|  1486|    0|
    |grp_aes_mix_columns84142_2_fu_258  |aes_mix_columns84142_2  |        0|      0|  664|  1486|    0|
    |grp_aes_shift_rows_fu_280          |aes_shift_rows          |        0|      0|  464|   684|    0|
    |grp_aes_substitute_bytes_fu_287    |aes_substitute_bytes    |        0|      0|  114|   231|    0|
    +-----------------------------------+------------------------+---------+-------+-----+------+-----+
    |Total                              |                        |        0|      0| 1968|  4155|    0|
    +-----------------------------------+------------------------+---------+-------+-----+------+-----+

    * DSP48E: 
    N/A

    * Memory: 
    +------------------+----------------------+---------+----+----+-----+------+-----+------+-------------+
    |      Memory      |        Module        | BRAM_18K| FF | LUT| URAM| Words| Bits| Banks| W*Bits*Banks|
    +------------------+----------------------+---------+----+----+-----+------+-----+------+-------------+
    |state_matrix_V_U  |aes_process_1_staeOg  |        0|  32|   4|    0|    16|   16|     1|          256|
    |round_key_V_U     |aes_process_1_staeOg  |        0|  32|   4|    0|    16|   16|     1|          256|
    +------------------+----------------------+---------+----+----+-----+------+-----+------+-------------+
    |Total             |                      |        0|  64|   8|    0|    32|   32|     2|          512|
    +------------------+----------------------+---------+----+----+-----+------+-----+------+-------------+

    * FIFO: 
    N/A

    * Expression: 
    +----------------------------------+----------+-------+---+----+------------+------------+
    |           Variable Name          | Operation| DSP48E| FF| LUT| Bitwidth P0| Bitwidth P1|
    +----------------------------------+----------+-------+---+----+------------+------------+
    |add_ln17_fu_424_p2                |     +    |      0|  0|  13|           4|           2|
    |add_ln180_5_fu_468_p2             |     +    |      0|  0|  13|          11|          11|
    |add_ln180_6_fu_485_p2             |     +    |      0|  0|  15|           6|           6|
    |add_ln180_fu_369_p2               |     +    |      0|  0|  15|           6|           6|
    |add_ln700_fu_495_p2               |     +    |      0|  0|  15|           5|           1|
    |column_fu_436_p2                  |     +    |      0|  0|  12|           3|           1|
    |i_3_fu_331_p2                     |     +    |      0|  0|  12|           3|           1|
    |i_V_fu_442_p2                     |     +    |      0|  0|  15|           5|           3|
    |i_fu_413_p2                       |     +    |      0|  0|  13|           4|           1|
    |j_fu_359_p2                       |     +    |      0|  0|  12|           3|           1|
    |ret_V_3_fu_386_p2                 |     +    |      0|  0|  13|           4|           4|
    |row_fu_458_p2                     |     +    |      0|  0|  12|           3|           1|
    |icmp_ln17_fu_407_p2               |   icmp   |      0|  0|   9|           4|           3|
    |icmp_ln221_fu_325_p2              |   icmp   |      0|  0|   9|           3|           4|
    |icmp_ln223_fu_353_p2              |   icmp   |      0|  0|   9|           3|           4|
    |icmp_ln235_fu_430_p2              |   icmp   |      0|  0|   9|           3|           4|
    |icmp_ln237_fu_452_p2              |   icmp   |      0|  0|   9|           3|           4|
    |ap_block_state18_on_subcall_done  |    or    |      0|  0|   2|           1|           1|
    +----------------------------------+----------+-------+---+----+------------+------------+
    |Total                             |          |      0|  0| 207|          74|          58|
    +----------------------------------+----------+-------+---+----+------------+------------+

    * Multiplexer: 
    +-----------------------------------------------+-----+-----------+-----+-----------+
    |                      Name                     | LUT | Input Size| Bits| Total Bits|
    +-----------------------------------------------+-----+-----------+-----+-----------+
    |ap_NS_fsm                                      |  121|         26|    1|         26|
    |column_0_i_reg_226                             |    9|          2|    3|          6|
    |expanded_key_V_ce0                             |    9|          2|    1|          2|
    |grp_aes_get_round_key5_fu_297_round            |   21|          4|    5|         20|
    |i_0_reg_203                                    |    9|          2|    4|          8|
    |i_op_assign_2_reg_170                          |    9|          2|    3|          6|
    |i_op_assign_reg_181                            |    9|          2|    3|          6|
    |m_axi_mix_column_constant_matrices_V_ARADDR    |   15|          3|   32|         96|
    |m_axi_mix_column_constant_matrices_V_ARBURST   |   15|          3|    2|          6|
    |m_axi_mix_column_constant_matrices_V_ARCACHE   |   15|          3|    4|         12|
    |m_axi_mix_column_constant_matrices_V_ARID      |   15|          3|    1|          3|
    |m_axi_mix_column_constant_matrices_V_ARLEN     |   15|          3|   32|         96|
    |m_axi_mix_column_constant_matrices_V_ARLOCK    |   15|          3|    2|          6|
    |m_axi_mix_column_constant_matrices_V_ARPROT    |   15|          3|    3|          9|
    |m_axi_mix_column_constant_matrices_V_ARQOS     |   15|          3|    4|         12|
    |m_axi_mix_column_constant_matrices_V_ARREGION  |   15|          3|    4|         12|
    |m_axi_mix_column_constant_matrices_V_ARSIZE    |   15|          3|    3|          9|
    |m_axi_mix_column_constant_matrices_V_ARUSER    |   15|          3|    1|          3|
    |m_axi_mix_column_constant_matrices_V_ARVALID   |   15|          3|    1|          3|
    |m_axi_mix_column_constant_matrices_V_RREADY    |   15|          3|    1|          3|
    |m_axi_multiplication_V_ARADDR                  |   15|          3|   32|         96|
    |m_axi_multiplication_V_ARBURST                 |   15|          3|    2|          6|
    |m_axi_multiplication_V_ARCACHE                 |   15|          3|    4|         12|
    |m_axi_multiplication_V_ARID                    |   15|          3|    1|          3|
    |m_axi_multiplication_V_ARLEN                   |   15|          3|   32|         96|
    |m_axi_multiplication_V_ARLOCK                  |   15|          3|    2|          6|
    |m_axi_multiplication_V_ARPROT                  |   15|          3|    3|          9|
    |m_axi_multiplication_V_ARQOS                   |   15|          3|    4|         12|
    |m_axi_multiplication_V_ARREGION                |   15|          3|    4|         12|
    |m_axi_multiplication_V_ARSIZE                  |   15|          3|    3|          9|
    |m_axi_multiplication_V_ARUSER                  |   15|          3|    1|          3|
    |m_axi_multiplication_V_ARVALID                 |   15|          3|    1|          3|
    |m_axi_multiplication_V_RREADY                  |   15|          3|    1|          3|
    |m_axi_s_boxes_V_ARVALID                        |    9|          2|    1|          2|
    |m_axi_s_boxes_V_RREADY                         |    9|          2|    1|          2|
    |p_04_0_i_reg_214                               |    9|          2|    5|         10|
    |p_04_1_i_reg_237                               |    9|          2|    5|         10|
    |round_key_V_address0                           |   21|          4|    4|         16|
    |round_key_V_ce0                                |   21|          4|    1|          4|
    |round_key_V_ce1                                |    9|          2|    1|          2|
    |round_key_V_d0                                 |   15|          3|   16|         48|
    |round_key_V_we0                                |   15|          3|    1|          3|
    |round_reg_192                                  |    9|          2|    4|          8|
    |row_0_i_reg_247                                |    9|          2|    3|          6|
    |state_matrix_V_address0                        |   38|          7|    4|         28|
    |state_matrix_V_ce0                             |   33|          6|    1|          6|
    |state_matrix_V_ce1                             |    9|          2|    1|          2|
    |state_matrix_V_d0                              |   33|          6|   16|         96|
    |state_matrix_V_we0                             |   33|          6|    1|          6|
    |text_V_address0                                |   15|          3|   10|         30|
    +-----------------------------------------------+-----+-----------+-----+-----------+
    |Total                                          |  873|        176|  275|        893|
    +-----------------------------------------------+-----+-----------+-----+-----------+

    * Register: 
    +------------------------------------------------+----+----+-----+-----------+
    |                      Name                      | FF | LUT| Bits| Const Bits|
    +------------------------------------------------+----+----+-----+-----------+
    |add_ln17_reg_581                                |   4|   0|    4|          0|
    |add_ln180_5_reg_612                             |  11|   0|   11|          0|
    |add_ln180_reg_558                               |   6|   0|    6|          0|
    |add_ln700_reg_622                               |   5|   0|    5|          0|
    |ap_CS_fsm                                       |  25|   0|   25|          0|
    |column_0_i_reg_226                              |   3|   0|    3|          0|
    |column_reg_589                                  |   3|   0|    3|          0|
    |grp_aes_add_round_key_fu_307_ap_start_reg       |   1|   0|    1|          0|
    |grp_aes_get_round_key5_fu_297_ap_start_reg      |   1|   0|    1|          0|
    |grp_aes_mix_columns84142_2_fu_258_ap_start_reg  |   1|   0|    1|          0|
    |grp_aes_mix_columns84142_fu_269_ap_start_reg    |   1|   0|    1|          0|
    |grp_aes_shift_rows_fu_280_ap_start_reg          |   1|   0|    1|          0|
    |grp_aes_substitute_bytes_fu_287_ap_start_reg    |   1|   0|    1|          0|
    |i_0_reg_203                                     |   4|   0|    4|          0|
    |i_3_reg_535                                     |   3|   0|    3|          0|
    |i_V_reg_594                                     |   5|   0|    5|          0|
    |i_op_assign_2_reg_170                           |   3|   0|    3|          0|
    |i_op_assign_reg_181                             |   3|   0|    3|          0|
    |i_reg_571                                       |   4|   0|    4|          0|
    |j_reg_553                                       |   3|   0|    3|          0|
    |p_04_0_i_reg_214                                |   5|   0|    5|          0|
    |p_04_1_i_reg_237                                |   5|   0|    5|          0|
    |round_reg_192                                   |   4|   0|    4|          0|
    |row_0_i_reg_247                                 |   3|   0|    3|          0|
    |row_reg_607                                     |   3|   0|    3|          0|
    |zext_ln180_cast_reg_527                         |   6|   0|   11|          5|
    |zext_ln223_2_reg_540                            |   3|   0|    6|          3|
    |zext_ln223_reg_545                              |   3|   0|    4|          1|
    |zext_ln22_reg_576                               |   4|   0|    5|          1|
    |zext_ln237_reg_599                              |   3|   0|    6|          3|
    +------------------------------------------------+----+----+-----+-----------+
    |Total                                           | 127|   0|  140|         13|
    +------------------------------------------------+----+----+-----+-----------+



================================================================
== Interface
================================================================
* Summary: 
+-----------------------------------------------+-----+-----+------------+---------------------------------------+--------------+
|                   RTL Ports                   | Dir | Bits|  Protocol  |             Source Object             |    C Type    |
+-----------------------------------------------+-----+-----+------------+---------------------------------------+--------------+
|ap_clk                                         |  in |    1| ap_ctrl_hs |            aes_process.240            | return value |
|ap_rst                                         |  in |    1| ap_ctrl_hs |            aes_process.240            | return value |
|ap_start                                       |  in |    1| ap_ctrl_hs |            aes_process.240            | return value |
|ap_done                                        | out |    1| ap_ctrl_hs |            aes_process.240            | return value |
|ap_idle                                        | out |    1| ap_ctrl_hs |            aes_process.240            | return value |
|ap_ready                                       | out |    1| ap_ctrl_hs |            aes_process.240            | return value |
|text_V_address0                                | out |   10|  ap_memory |                 text_V                |     array    |
|text_V_ce0                                     | out |    1|  ap_memory |                 text_V                |     array    |
|text_V_we0                                     | out |    1|  ap_memory |                 text_V                |     array    |
|text_V_d0                                      | out |   16|  ap_memory |                 text_V                |     array    |
|text_V_q0                                      |  in |   16|  ap_memory |                 text_V                |     array    |
|sequence_out_V_offset                          |  in |    6|   ap_none  |         sequence_out_V_offset         |    scalar    |
|expanded_key_V_address0                        | out |    8|  ap_memory |             expanded_key_V            |     array    |
|expanded_key_V_ce0                             | out |    1|  ap_memory |             expanded_key_V            |     array    |
|expanded_key_V_q0                              |  in |   16|  ap_memory |             expanded_key_V            |     array    |
|m_axi_s_boxes_V_AWVALID                        | out |    1|    m_axi   |               s_boxes_V               |    pointer   |
|m_axi_s_boxes_V_AWREADY                        |  in |    1|    m_axi   |               s_boxes_V               |    pointer   |
|m_axi_s_boxes_V_AWADDR                         | out |   32|    m_axi   |               s_boxes_V               |    pointer   |
|m_axi_s_boxes_V_AWID                           | out |    1|    m_axi   |               s_boxes_V               |    pointer   |
|m_axi_s_boxes_V_AWLEN                          | out |   32|    m_axi   |               s_boxes_V               |    pointer   |
|m_axi_s_boxes_V_AWSIZE                         | out |    3|    m_axi   |               s_boxes_V               |    pointer   |
|m_axi_s_boxes_V_AWBURST                        | out |    2|    m_axi   |               s_boxes_V               |    pointer   |
|m_axi_s_boxes_V_AWLOCK                         | out |    2|    m_axi   |               s_boxes_V               |    pointer   |
|m_axi_s_boxes_V_AWCACHE                        | out |    4|    m_axi   |               s_boxes_V               |    pointer   |
|m_axi_s_boxes_V_AWPROT                         | out |    3|    m_axi   |               s_boxes_V               |    pointer   |
|m_axi_s_boxes_V_AWQOS                          | out |    4|    m_axi   |               s_boxes_V               |    pointer   |
|m_axi_s_boxes_V_AWREGION                       | out |    4|    m_axi   |               s_boxes_V               |    pointer   |
|m_axi_s_boxes_V_AWUSER                         | out |    1|    m_axi   |               s_boxes_V               |    pointer   |
|m_axi_s_boxes_V_WVALID                         | out |    1|    m_axi   |               s_boxes_V               |    pointer   |
|m_axi_s_boxes_V_WREADY                         |  in |    1|    m_axi   |               s_boxes_V               |    pointer   |
|m_axi_s_boxes_V_WDATA                          | out |    8|    m_axi   |               s_boxes_V               |    pointer   |
|m_axi_s_boxes_V_WSTRB                          | out |    1|    m_axi   |               s_boxes_V               |    pointer   |
|m_axi_s_boxes_V_WLAST                          | out |    1|    m_axi   |               s_boxes_V               |    pointer   |
|m_axi_s_boxes_V_WID                            | out |    1|    m_axi   |               s_boxes_V               |    pointer   |
|m_axi_s_boxes_V_WUSER                          | out |    1|    m_axi   |               s_boxes_V               |    pointer   |
|m_axi_s_boxes_V_ARVALID                        | out |    1|    m_axi   |               s_boxes_V               |    pointer   |
|m_axi_s_boxes_V_ARREADY                        |  in |    1|    m_axi   |               s_boxes_V               |    pointer   |
|m_axi_s_boxes_V_ARADDR                         | out |   32|    m_axi   |               s_boxes_V               |    pointer   |
|m_axi_s_boxes_V_ARID                           | out |    1|    m_axi   |               s_boxes_V               |    pointer   |
|m_axi_s_boxes_V_ARLEN                          | out |   32|    m_axi   |               s_boxes_V               |    pointer   |
|m_axi_s_boxes_V_ARSIZE                         | out |    3|    m_axi   |               s_boxes_V               |    pointer   |
|m_axi_s_boxes_V_ARBURST                        | out |    2|    m_axi   |               s_boxes_V               |    pointer   |
|m_axi_s_boxes_V_ARLOCK                         | out |    2|    m_axi   |               s_boxes_V               |    pointer   |
|m_axi_s_boxes_V_ARCACHE                        | out |    4|    m_axi   |               s_boxes_V               |    pointer   |
|m_axi_s_boxes_V_ARPROT                         | out |    3|    m_axi   |               s_boxes_V               |    pointer   |
|m_axi_s_boxes_V_ARQOS                          | out |    4|    m_axi   |               s_boxes_V               |    pointer   |
|m_axi_s_boxes_V_ARREGION                       | out |    4|    m_axi   |               s_boxes_V               |    pointer   |
|m_axi_s_boxes_V_ARUSER                         | out |    1|    m_axi   |               s_boxes_V               |    pointer   |
|m_axi_s_boxes_V_RVALID                         |  in |    1|    m_axi   |               s_boxes_V               |    pointer   |
|m_axi_s_boxes_V_RREADY                         | out |    1|    m_axi   |               s_boxes_V               |    pointer   |
|m_axi_s_boxes_V_RDATA                          |  in |    8|    m_axi   |               s_boxes_V               |    pointer   |
|m_axi_s_boxes_V_RLAST                          |  in |    1|    m_axi   |               s_boxes_V               |    pointer   |
|m_axi_s_boxes_V_RID                            |  in |    1|    m_axi   |               s_boxes_V               |    pointer   |
|m_axi_s_boxes_V_RUSER                          |  in |    1|    m_axi   |               s_boxes_V               |    pointer   |
|m_axi_s_boxes_V_RRESP                          |  in |    2|    m_axi   |               s_boxes_V               |    pointer   |
|m_axi_s_boxes_V_BVALID                         |  in |    1|    m_axi   |               s_boxes_V               |    pointer   |
|m_axi_s_boxes_V_BREADY                         | out |    1|    m_axi   |               s_boxes_V               |    pointer   |
|m_axi_s_boxes_V_BRESP                          |  in |    2|    m_axi   |               s_boxes_V               |    pointer   |
|m_axi_s_boxes_V_BID                            |  in |    1|    m_axi   |               s_boxes_V               |    pointer   |
|m_axi_s_boxes_V_BUSER                          |  in |    1|    m_axi   |               s_boxes_V               |    pointer   |
|s_boxes_V_offset                               |  in |   32|   ap_none  |            s_boxes_V_offset           |    scalar    |
|m_axi_mix_column_constant_matrices_V_AWVALID   | out |    1|    m_axi   |     mix_column_constant_matrices_V    |    pointer   |
|m_axi_mix_column_constant_matrices_V_AWREADY   |  in |    1|    m_axi   |     mix_column_constant_matrices_V    |    pointer   |
|m_axi_mix_column_constant_matrices_V_AWADDR    | out |   32|    m_axi   |     mix_column_constant_matrices_V    |    pointer   |
|m_axi_mix_column_constant_matrices_V_AWID      | out |    1|    m_axi   |     mix_column_constant_matrices_V    |    pointer   |
|m_axi_mix_column_constant_matrices_V_AWLEN     | out |   32|    m_axi   |     mix_column_constant_matrices_V    |    pointer   |
|m_axi_mix_column_constant_matrices_V_AWSIZE    | out |    3|    m_axi   |     mix_column_constant_matrices_V    |    pointer   |
|m_axi_mix_column_constant_matrices_V_AWBURST   | out |    2|    m_axi   |     mix_column_constant_matrices_V    |    pointer   |
|m_axi_mix_column_constant_matrices_V_AWLOCK    | out |    2|    m_axi   |     mix_column_constant_matrices_V    |    pointer   |
|m_axi_mix_column_constant_matrices_V_AWCACHE   | out |    4|    m_axi   |     mix_column_constant_matrices_V    |    pointer   |
|m_axi_mix_column_constant_matrices_V_AWPROT    | out |    3|    m_axi   |     mix_column_constant_matrices_V    |    pointer   |
|m_axi_mix_column_constant_matrices_V_AWQOS     | out |    4|    m_axi   |     mix_column_constant_matrices_V    |    pointer   |
|m_axi_mix_column_constant_matrices_V_AWREGION  | out |    4|    m_axi   |     mix_column_constant_matrices_V    |    pointer   |
|m_axi_mix_column_constant_matrices_V_AWUSER    | out |    1|    m_axi   |     mix_column_constant_matrices_V    |    pointer   |
|m_axi_mix_column_constant_matrices_V_WVALID    | out |    1|    m_axi   |     mix_column_constant_matrices_V    |    pointer   |
|m_axi_mix_column_constant_matrices_V_WREADY    |  in |    1|    m_axi   |     mix_column_constant_matrices_V    |    pointer   |
|m_axi_mix_column_constant_matrices_V_WDATA     | out |   16|    m_axi   |     mix_column_constant_matrices_V    |    pointer   |
|m_axi_mix_column_constant_matrices_V_WSTRB     | out |    2|    m_axi   |     mix_column_constant_matrices_V    |    pointer   |
|m_axi_mix_column_constant_matrices_V_WLAST     | out |    1|    m_axi   |     mix_column_constant_matrices_V    |    pointer   |
|m_axi_mix_column_constant_matrices_V_WID       | out |    1|    m_axi   |     mix_column_constant_matrices_V    |    pointer   |
|m_axi_mix_column_constant_matrices_V_WUSER     | out |    1|    m_axi   |     mix_column_constant_matrices_V    |    pointer   |
|m_axi_mix_column_constant_matrices_V_ARVALID   | out |    1|    m_axi   |     mix_column_constant_matrices_V    |    pointer   |
|m_axi_mix_column_constant_matrices_V_ARREADY   |  in |    1|    m_axi   |     mix_column_constant_matrices_V    |    pointer   |
|m_axi_mix_column_constant_matrices_V_ARADDR    | out |   32|    m_axi   |     mix_column_constant_matrices_V    |    pointer   |
|m_axi_mix_column_constant_matrices_V_ARID      | out |    1|    m_axi   |     mix_column_constant_matrices_V    |    pointer   |
|m_axi_mix_column_constant_matrices_V_ARLEN     | out |   32|    m_axi   |     mix_column_constant_matrices_V    |    pointer   |
|m_axi_mix_column_constant_matrices_V_ARSIZE    | out |    3|    m_axi   |     mix_column_constant_matrices_V    |    pointer   |
|m_axi_mix_column_constant_matrices_V_ARBURST   | out |    2|    m_axi   |     mix_column_constant_matrices_V    |    pointer   |
|m_axi_mix_column_constant_matrices_V_ARLOCK    | out |    2|    m_axi   |     mix_column_constant_matrices_V    |    pointer   |
|m_axi_mix_column_constant_matrices_V_ARCACHE   | out |    4|    m_axi   |     mix_column_constant_matrices_V    |    pointer   |
|m_axi_mix_column_constant_matrices_V_ARPROT    | out |    3|    m_axi   |     mix_column_constant_matrices_V    |    pointer   |
|m_axi_mix_column_constant_matrices_V_ARQOS     | out |    4|    m_axi   |     mix_column_constant_matrices_V    |    pointer   |
|m_axi_mix_column_constant_matrices_V_ARREGION  | out |    4|    m_axi   |     mix_column_constant_matrices_V    |    pointer   |
|m_axi_mix_column_constant_matrices_V_ARUSER    | out |    1|    m_axi   |     mix_column_constant_matrices_V    |    pointer   |
|m_axi_mix_column_constant_matrices_V_RVALID    |  in |    1|    m_axi   |     mix_column_constant_matrices_V    |    pointer   |
|m_axi_mix_column_constant_matrices_V_RREADY    | out |    1|    m_axi   |     mix_column_constant_matrices_V    |    pointer   |
|m_axi_mix_column_constant_matrices_V_RDATA     |  in |   16|    m_axi   |     mix_column_constant_matrices_V    |    pointer   |
|m_axi_mix_column_constant_matrices_V_RLAST     |  in |    1|    m_axi   |     mix_column_constant_matrices_V    |    pointer   |
|m_axi_mix_column_constant_matrices_V_RID       |  in |    1|    m_axi   |     mix_column_constant_matrices_V    |    pointer   |
|m_axi_mix_column_constant_matrices_V_RUSER     |  in |    1|    m_axi   |     mix_column_constant_matrices_V    |    pointer   |
|m_axi_mix_column_constant_matrices_V_RRESP     |  in |    2|    m_axi   |     mix_column_constant_matrices_V    |    pointer   |
|m_axi_mix_column_constant_matrices_V_BVALID    |  in |    1|    m_axi   |     mix_column_constant_matrices_V    |    pointer   |
|m_axi_mix_column_constant_matrices_V_BREADY    | out |    1|    m_axi   |     mix_column_constant_matrices_V    |    pointer   |
|m_axi_mix_column_constant_matrices_V_BRESP     |  in |    2|    m_axi   |     mix_column_constant_matrices_V    |    pointer   |
|m_axi_mix_column_constant_matrices_V_BID       |  in |    1|    m_axi   |     mix_column_constant_matrices_V    |    pointer   |
|m_axi_mix_column_constant_matrices_V_BUSER     |  in |    1|    m_axi   |     mix_column_constant_matrices_V    |    pointer   |
|mix_column_constant_matrices_V_offset          |  in |   31|   ap_none  | mix_column_constant_matrices_V_offset |    scalar    |
|m_axi_multiplication_V_AWVALID                 | out |    1|    m_axi   |            multiplication_V           |    pointer   |
|m_axi_multiplication_V_AWREADY                 |  in |    1|    m_axi   |            multiplication_V           |    pointer   |
|m_axi_multiplication_V_AWADDR                  | out |   32|    m_axi   |            multiplication_V           |    pointer   |
|m_axi_multiplication_V_AWID                    | out |    1|    m_axi   |            multiplication_V           |    pointer   |
|m_axi_multiplication_V_AWLEN                   | out |   32|    m_axi   |            multiplication_V           |    pointer   |
|m_axi_multiplication_V_AWSIZE                  | out |    3|    m_axi   |            multiplication_V           |    pointer   |
|m_axi_multiplication_V_AWBURST                 | out |    2|    m_axi   |            multiplication_V           |    pointer   |
|m_axi_multiplication_V_AWLOCK                  | out |    2|    m_axi   |            multiplication_V           |    pointer   |
|m_axi_multiplication_V_AWCACHE                 | out |    4|    m_axi   |            multiplication_V           |    pointer   |
|m_axi_multiplication_V_AWPROT                  | out |    3|    m_axi   |            multiplication_V           |    pointer   |
|m_axi_multiplication_V_AWQOS                   | out |    4|    m_axi   |            multiplication_V           |    pointer   |
|m_axi_multiplication_V_AWREGION                | out |    4|    m_axi   |            multiplication_V           |    pointer   |
|m_axi_multiplication_V_AWUSER                  | out |    1|    m_axi   |            multiplication_V           |    pointer   |
|m_axi_multiplication_V_WVALID                  | out |    1|    m_axi   |            multiplication_V           |    pointer   |
|m_axi_multiplication_V_WREADY                  |  in |    1|    m_axi   |            multiplication_V           |    pointer   |
|m_axi_multiplication_V_WDATA                   | out |   16|    m_axi   |            multiplication_V           |    pointer   |
|m_axi_multiplication_V_WSTRB                   | out |    2|    m_axi   |            multiplication_V           |    pointer   |
|m_axi_multiplication_V_WLAST                   | out |    1|    m_axi   |            multiplication_V           |    pointer   |
|m_axi_multiplication_V_WID                     | out |    1|    m_axi   |            multiplication_V           |    pointer   |
|m_axi_multiplication_V_WUSER                   | out |    1|    m_axi   |            multiplication_V           |    pointer   |
|m_axi_multiplication_V_ARVALID                 | out |    1|    m_axi   |            multiplication_V           |    pointer   |
|m_axi_multiplication_V_ARREADY                 |  in |    1|    m_axi   |            multiplication_V           |    pointer   |
|m_axi_multiplication_V_ARADDR                  | out |   32|    m_axi   |            multiplication_V           |    pointer   |
|m_axi_multiplication_V_ARID                    | out |    1|    m_axi   |            multiplication_V           |    pointer   |
|m_axi_multiplication_V_ARLEN                   | out |   32|    m_axi   |            multiplication_V           |    pointer   |
|m_axi_multiplication_V_ARSIZE                  | out |    3|    m_axi   |            multiplication_V           |    pointer   |
|m_axi_multiplication_V_ARBURST                 | out |    2|    m_axi   |            multiplication_V           |    pointer   |
|m_axi_multiplication_V_ARLOCK                  | out |    2|    m_axi   |            multiplication_V           |    pointer   |
|m_axi_multiplication_V_ARCACHE                 | out |    4|    m_axi   |            multiplication_V           |    pointer   |
|m_axi_multiplication_V_ARPROT                  | out |    3|    m_axi   |            multiplication_V           |    pointer   |
|m_axi_multiplication_V_ARQOS                   | out |    4|    m_axi   |            multiplication_V           |    pointer   |
|m_axi_multiplication_V_ARREGION                | out |    4|    m_axi   |            multiplication_V           |    pointer   |
|m_axi_multiplication_V_ARUSER                  | out |    1|    m_axi   |            multiplication_V           |    pointer   |
|m_axi_multiplication_V_RVALID                  |  in |    1|    m_axi   |            multiplication_V           |    pointer   |
|m_axi_multiplication_V_RREADY                  | out |    1|    m_axi   |            multiplication_V           |    pointer   |
|m_axi_multiplication_V_RDATA                   |  in |   16|    m_axi   |            multiplication_V           |    pointer   |
|m_axi_multiplication_V_RLAST                   |  in |    1|    m_axi   |            multiplication_V           |    pointer   |
|m_axi_multiplication_V_RID                     |  in |    1|    m_axi   |            multiplication_V           |    pointer   |
|m_axi_multiplication_V_RUSER                   |  in |    1|    m_axi   |            multiplication_V           |    pointer   |
|m_axi_multiplication_V_RRESP                   |  in |    2|    m_axi   |            multiplication_V           |    pointer   |
|m_axi_multiplication_V_BVALID                  |  in |    1|    m_axi   |            multiplication_V           |    pointer   |
|m_axi_multiplication_V_BREADY                  | out |    1|    m_axi   |            multiplication_V           |    pointer   |
|m_axi_multiplication_V_BRESP                   |  in |    2|    m_axi   |            multiplication_V           |    pointer   |
|m_axi_multiplication_V_BID                     |  in |    1|    m_axi   |            multiplication_V           |    pointer   |
|m_axi_multiplication_V_BUSER                   |  in |    1|    m_axi   |            multiplication_V           |    pointer   |
|multiplication_V_offset                        |  in |   31|   ap_none  |        multiplication_V_offset        |    scalar    |
+-----------------------------------------------+-----+-----+------------+---------------------------------------+--------------+

