

================================================================
== Vivado HLS Report for 'aes_expand_key'
================================================================
* Date:           Sun Dec 12 23:30:54 2021

* Version:        2019.1 (Build 2552052 on Fri May 24 15:28:33 MDT 2019)
* Project:        AES-XTS
* Solution:       solution1
* Product family: zynq
* Target device:  xc7z020-clg400-1


================================================================
== Performance Estimates
================================================================
+ Timing (ns): 
    * Summary: 
    +--------+-------+----------+------------+
    |  Clock | Target| Estimated| Uncertainty|
    +--------+-------+----------+------------+
    |ap_clk  |  10.00|     8.750|        1.25|
    +--------+-------+----------+------------+

+ Latency (clock cycles): 
    * Summary: 
    +------+------+------+------+---------+
    |   Latency   |   Interval  | Pipeline|
    |  min |  max |  min |  max |   Type  |
    +------+------+------+------+---------+
    |  2070|  5346|  2070|  5346|   none  |
    +------+------+------+------+---------+

    + Detail: 
        * Instance: 
        N/A

        * Loop: 
        +-------------+------+------+----------+-----------+-----------+------+----------+
        |             |   Latency   | Iteration|  Initiation Interval  | Trip |          |
        |  Loop Name  |  min |  max |  Latency |  achieved |   target  | Count| Pipelined|
        +-------------+------+------+----------+-----------+-----------+------+----------+
        |- Loop 1     |    64|    64|         2|          -|          -|    32|    no    |
        |- Loop 2     |  1508|  4784|  29 ~ 92 |          -|          -|    52|    no    |
        | + Loop 2.1  |    12|    12|         3|          -|          -|     4|    no    |
        | + Loop 2.2  |     9|     9|         3|          -|          -|     3|    no    |
        | + Loop 2.3  |    44|    44|        11|          -|          -|     4|    no    |
        | + Loop 2.4  |    44|    44|        11|          -|          -|     4|    no    |
        | + Loop 2.5  |     8|     8|         2|          -|          -|     4|    no    |
        | + Loop 2.6  |     4|     4|         1|          -|          -|     4|    no    |
        |- Loop 3     |   488|   488|       122|          -|          -|     4|    no    |
        | + Loop 3.1  |   120|   120|         2|          -|          -|    60|    no    |
        +-------------+------+------+----------+-----------+-----------+------+----------+



================================================================
== Utilization Estimates
================================================================
* Summary: 
+-----------------+---------+-------+--------+-------+-----+
|       Name      | BRAM_18K| DSP48E|   FF   |  LUT  | URAM|
+-----------------+---------+-------+--------+-------+-----+
|DSP              |        -|      -|       -|      -|    -|
|Expression       |        -|      -|       0|    844|    -|
|FIFO             |        -|      -|       -|      -|    -|
|Instance         |        -|      -|       0|     84|    -|
|Memory           |        1|      -|       0|      0|    0|
|Multiplexer      |        -|      -|       -|    939|    -|
|Register         |        -|      -|    1191|      -|    -|
+-----------------+---------+-------+--------+-------+-----+
|Total            |        1|      0|    1191|   1867|    0|
+-----------------+---------+-------+--------+-------+-----+
|Available        |      280|    220|  106400|  53200|    0|
+-----------------+---------+-------+--------+-------+-----+
|Utilization (%)  |    ~0   |      0|       1|      3|    0|
+-----------------+---------+-------+--------+-------+-----+

+ Detail: 
    * Instance: 
    +--------------------------+----------------------+---------+-------+---+----+-----+
    |         Instance         |        Module        | BRAM_18K| DSP48E| FF| LUT| URAM|
    +--------------------------+----------------------+---------+-------+---+----+-----+
    |xts_aes_mux_42_16cud_U14  |xts_aes_mux_42_16cud  |        0|      0|  0|  21|    0|
    |xts_aes_mux_42_16cud_U15  |xts_aes_mux_42_16cud  |        0|      0|  0|  21|    0|
    |xts_aes_mux_42_16cud_U16  |xts_aes_mux_42_16cud  |        0|      0|  0|  21|    0|
    |xts_aes_mux_42_16cud_U17  |xts_aes_mux_42_16cud  |        0|      0|  0|  21|    0|
    +--------------------------+----------------------+---------+-------+---+----+-----+
    |Total                     |                      |        0|      0|  0|  84|    0|
    +--------------------------+----------------------+---------+-------+---+----+-----+

    * DSP48E: 
    N/A

    * Memory: 
    +------------------+----------------------+---------+---+----+-----+------+-----+------+-------------+
    |      Memory      |        Module        | BRAM_18K| FF| LUT| URAM| Words| Bits| Banks| W*Bits*Banks|
    +------------------+----------------------+---------+---+----+-----+------+-----+------+-------------+
    |expanded_key_V_U  |aes_expand_key58_bkb  |        1|  0|   0|    0|   240|   16|     1|         3840|
    +------------------+----------------------+---------+---+----+-----+------+-----+------+-------------+
    |Total             |                      |        1|  0|   0|    0|   240|   16|     1|         3840|
    +------------------+----------------------+---------+---+----+-----+------+-----+------+-------------+

    * FIFO: 
    N/A

    * Expression: 
    +---------------------------------+----------+-------+---+-----+------------+------------+
    |          Variable Name          | Operation| DSP48E| FF| LUT | Bitwidth P0| Bitwidth P1|
    +---------------------------------+----------+-------+---+-----+------------+------------+
    |add_ln180_10_fu_1614_p2          |     +    |      0|  0|   15|           9|           9|
    |add_ln180_fu_1064_p2             |     +    |      0|  0|   39|          32|           6|
    |add_ln211_fu_1627_p2             |     +    |      0|  0|   15|           8|           8|
    |add_ln719_fu_1317_p2             |     +    |      0|  0|   69|          62|          62|
    |add_ln78_10_fu_1207_p2           |     +    |      0|  0|   40|          33|          33|
    |add_ln78_11_fu_1271_p2           |     +    |      0|  0|   24|           9|          17|
    |add_ln78_12_fu_1281_p2           |     +    |      0|  0|   40|          33|          33|
    |add_ln78_fu_1197_p2              |     +    |      0|  0|   24|           9|          17|
    |cur_len_V_fu_1550_p2             |     +    |      0|  0|   15|           3|           8|
    |i_12_fu_1120_p2                  |     +    |      0|  0|   12|           3|           1|
    |i_13_fu_1566_p2                  |     +    |      0|  0|   12|           3|           1|
    |i_14_fu_1231_p2                  |     +    |      0|  0|   10|           2|           1|
    |i_15_fu_1169_p2                  |     +    |      0|  0|   12|           3|           1|
    |i_16_fu_1243_p2                  |     +    |      0|  0|   12|           3|           1|
    |i_17_fu_1386_p2                  |     +    |      0|  0|   12|           3|           1|
    |i_18_fu_1448_p2                  |     +    |      0|  0|   12|           3|           1|
    |i_fu_1086_p2                     |     +    |      0|  0|   15|           6|           1|
    |j_fu_1604_p2                     |     +    |      0|  0|   15|           6|           1|
    |n_V_fu_1370_p2                   |     +    |      0|  0|   23|           1|          16|
    |ret_V_10_fu_1458_p2              |     +    |      0|  0|   15|           8|           8|
    |ret_V_8_fu_1404_p2               |     +    |      0|  0|   15|           8|           8|
    |ret_V_9_fu_1492_p2               |     +    |      0|  0|   15|           1|           5|
    |ret_V_fu_1136_p2                 |     +    |      0|  0|   15|           8|           8|
    |sub_ln180_2_fu_1528_p2           |     -    |      0|  0|   13|           1|           4|
    |sub_ln180_fu_1592_p2             |     -    |      0|  0|   15|           9|           9|
    |ap_block_state9                  |    and   |      0|  0|    2|           1|           1|
    |icmp_ln145_fu_1080_p2            |   icmp   |      0|  0|   11|           6|           7|
    |icmp_ln156_fu_1114_p2            |   icmp   |      0|  0|    9|           3|           4|
    |icmp_ln164_fu_1225_p2            |   icmp   |      0|  0|    8|           2|           2|
    |icmp_ln170_fu_1237_p2            |   icmp   |      0|  0|    9|           3|           4|
    |icmp_ln183_fu_1163_p2            |   icmp   |      0|  0|    9|           3|           4|
    |icmp_ln193_fu_1380_p2            |   icmp   |      0|  0|    9|           3|           4|
    |icmp_ln198_fu_1442_p2            |   icmp   |      0|  0|    9|           3|           4|
    |icmp_ln207_fu_1560_p2            |   icmp   |      0|  0|    9|           3|           4|
    |icmp_ln209_fu_1598_p2            |   icmp   |      0|  0|   11|           6|           4|
    |icmp_ln879_1_fu_1157_p2          |   icmp   |      0|  0|    9|           4|           3|
    |icmp_ln879_fu_1151_p2            |   icmp   |      0|  0|    9|           4|           1|
    |icmp_ln887_fu_1108_p2            |   icmp   |      0|  0|   11|           8|           6|
    |lshr_ln719_fu_1350_p2            |   lshr   |      0|  0|  182|          64|          64|
    |select_ln1372_fu_1542_p3         |  select  |      0|  0|    4|           1|           4|
    |temporary_key_0_V_10_fu_1363_p2  |    xor   |      0|  0|   16|          16|          16|
    |temporary_key_0_V_16_fu_1432_p2  |    xor   |      0|  0|   16|          16|          16|
    |xor_ln1372_fu_1514_p2            |    xor   |      0|  0|    3|           3|           2|
    |xor_ln158_fu_1126_p2             |    xor   |      0|  0|    4|           3|           4|
    +---------------------------------+----------+-------+---+-----+------------+------------+
    |Total                            |          |      0|  0|  844|         418|         414|
    +---------------------------------+----------+-------+---+-----+------------+------------+

    * Multiplexer: 
    +-------------------------------------------------+-----+-----------+-----+-----------+
    |                       Name                      | LUT | Input Size| Bits| Total Bits|
    +-------------------------------------------------+-----+-----------+-----+-----------+
    |ap_NS_fsm                                        |  237|         55|    1|         55|
    |ap_phi_mux_temporary_key_0_V_1_3_phi_fu_1013_p8  |   15|          3|   16|         48|
    |ap_phi_mux_temporary_key_0_V_1_phi_fu_885_p6     |    9|          2|   16|         32|
    |ap_phi_mux_temporary_key_1_V_1_4_phi_fu_870_p6   |    9|          2|   16|         32|
    |ap_phi_mux_temporary_key_1_V_1_5_phi_fu_995_p8   |   15|          3|   16|         48|
    |ap_phi_mux_temporary_key_2_V_1_4_phi_fu_855_p6   |    9|          2|   16|         32|
    |ap_phi_mux_temporary_key_2_V_1_5_phi_fu_977_p8   |   15|          3|   16|         48|
    |ap_phi_mux_temporary_key_3_V_9_3_phi_fu_840_p6   |    9|          2|   16|         32|
    |ap_phi_mux_temporary_key_3_V_9_4_phi_fu_959_p8   |   15|          3|   16|         48|
    |expanded_key_V_address0                          |   33|          6|    8|         48|
    |expanded_key_V_d0                                |   15|          3|   16|         48|
    |i2_0_reg_392                                     |    9|          2|    3|          6|
    |i3_0_reg_635                                     |    9|          2|    2|          4|
    |i4_0_reg_754                                     |    9|          2|    3|          6|
    |i5_0_reg_519                                     |    9|          2|    3|          6|
    |i7_0_reg_944                                     |    9|          2|    3|          6|
    |i9_0_reg_1038                                    |    9|          2|    3|          6|
    |i_0_reg_264                                      |    9|          2|    6|         12|
    |i_op_assign_4_reg_1027                           |    9|          2|    3|          6|
    |j_0_reg_1049                                     |    9|          2|    6|         12|
    |key_V_blk_n_AR                                   |    9|          2|    1|          2|
    |key_V_blk_n_R                                    |    9|          2|    1|          2|
    |m_axi_s_box_V_ARADDR                             |   15|          3|   32|         96|
    |n_V_2_fu_140                                     |    9|          2|   16|         32|
    |p_0216_0_reg_324                                 |    9|          2|    4|          8|
    |p_084_0_reg_336                                  |    9|          2|    8|         16|
    |rcon_V_blk_n_AR                                  |    9|          2|    1|          2|
    |rcon_V_blk_n_R                                   |    9|          2|    1|          2|
    |s_box_V_blk_n_AR                                 |    9|          2|    1|          2|
    |s_box_V_blk_n_R                                  |    9|          2|    1|          2|
    |temporary_key_0_V_116_reg_932                    |    9|          2|   16|         32|
    |temporary_key_0_V_13_reg_647                     |   15|          3|   16|         48|
    |temporary_key_0_V_1_reg_882                      |   15|          3|   16|         48|
    |temporary_key_0_V_3_2_reg_694                    |    9|          2|   16|         32|
    |temporary_key_0_V_3_reg_624                      |    9|          2|   16|         32|
    |temporary_key_0_V_5_2_reg_819                    |    9|          2|   16|         32|
    |temporary_key_0_V_5_reg_743                      |    9|          2|   16|         32|
    |temporary_key_0_V_72_reg_508                     |    9|          2|   16|         32|
    |temporary_key_0_V_7_reg_584                      |    9|          2|   16|         32|
    |temporary_key_1_V_11_reg_920                     |    9|          2|   16|         32|
    |temporary_key_1_V_1_4_reg_867                    |   15|          3|   16|         48|
    |temporary_key_1_V_1_6_reg_439                    |    9|          2|   16|         32|
    |temporary_key_1_V_1_reg_370                      |    9|          2|   16|         32|
    |temporary_key_1_V_3_2_reg_678                    |    9|          2|   16|         32|
    |temporary_key_1_V_3_reg_613                      |    9|          2|   16|         32|
    |temporary_key_1_V_5_2_reg_801                    |    9|          2|   16|         32|
    |temporary_key_1_V_5_reg_732                      |    9|          2|   16|         32|
    |temporary_key_1_V_7_2_reg_566                    |    9|          2|   16|         32|
    |temporary_key_1_V_7_reg_497                      |    9|          2|   16|         32|
    |temporary_key_2_V_11_reg_908                     |    9|          2|   16|         32|
    |temporary_key_2_V_1_4_reg_852                    |   15|          3|   16|         48|
    |temporary_key_2_V_1_6_reg_421                    |    9|          2|   16|         32|
    |temporary_key_2_V_1_reg_359                      |    9|          2|   16|         32|
    |temporary_key_2_V_3_2_reg_662                    |    9|          2|   16|         32|
    |temporary_key_2_V_3_reg_602                      |    9|          2|   16|         32|
    |temporary_key_2_V_5_2_reg_783                    |    9|          2|   16|         32|
    |temporary_key_2_V_5_reg_721                      |    9|          2|   16|         32|
    |temporary_key_2_V_7_2_reg_548                    |    9|          2|   16|         32|
    |temporary_key_2_V_7_reg_486                      |    9|          2|   16|         32|
    |temporary_key_3_V_1_2_reg_403                    |    9|          2|   16|         32|
    |temporary_key_3_V_1_reg_348                      |    9|          2|   16|         32|
    |temporary_key_3_V_3_2_reg_765                    |    9|          2|   16|         32|
    |temporary_key_3_V_3_reg_710                      |    9|          2|   16|         32|
    |temporary_key_3_V_5_2_reg_530                    |    9|          2|   16|         32|
    |temporary_key_3_V_5_reg_475                      |    9|          2|   16|         32|
    |temporary_key_3_V_9_3_reg_837                    |   15|          3|   16|         48|
    |temporary_key_3_V_9_reg_896                      |    9|          2|   16|         32|
    |temporary_key_3_V_b_reg_457                      |    9|          2|   16|         32|
    |temporary_key_3_V_reg_381                        |    9|          2|   16|         32|
    +-------------------------------------------------+-----+-----------+-----+-----------+
    |Total                                            |  939|        206|  875|       2027|
    +-------------------------------------------------+-----+-----------+-----+-----------+

    * Register: 
    +-------------------------------+----+----+-----+-----------+
    |              Name             | FF | LUT| Bits| Const Bits|
    +-------------------------------+----+----+-----+-----------+
    |add_ln180_10_reg_1877          |   9|   0|    9|          0|
    |add_ln719_reg_1786             |  62|   0|   62|          0|
    |ap_CS_fsm                      |  54|   0|   54|          0|
    |i2_0_reg_392                   |   3|   0|    3|          0|
    |i3_0_reg_635                   |   2|   0|    2|          0|
    |i4_0_reg_754                   |   3|   0|    3|          0|
    |i5_0_reg_519                   |   3|   0|    3|          0|
    |i7_0_reg_944                   |   3|   0|    3|          0|
    |i9_0_reg_1038                  |   3|   0|    3|          0|
    |i_0_reg_264                    |   6|   0|    6|          0|
    |i_12_reg_1694                  |   3|   0|    3|          0|
    |i_13_reg_1859                  |   3|   0|    3|          0|
    |i_14_reg_1757                  |   2|   0|    2|          0|
    |i_15_reg_1726                  |   3|   0|    3|          0|
    |i_16_reg_1765                  |   3|   0|    3|          0|
    |i_17_reg_1818                  |   3|   0|    3|          0|
    |i_op_assign_4_reg_1027         |   3|   0|    3|          0|
    |i_reg_1660                     |   6|   0|    6|          0|
    |icmp_ln879_reg_1708            |   1|   0|    1|          0|
    |j_0_reg_1049                   |   6|   0|    6|          0|
    |j_reg_1872                     |   6|   0|    6|          0|
    |key_V_addr_read_reg_1665       |  16|   0|   16|          0|
    |key_V_addr_reg_1641            |  32|   0|   32|          0|
    |n_V_2_fu_140                   |  16|   0|   16|          0|
    |n_V_2_load_reg_1780            |  16|   0|   16|          0|
    |p_0216_0_reg_324               |   4|   0|    4|          0|
    |p_084_0_reg_336                |   8|   0|    8|          0|
    |rcon_V_addr_read_reg_1810      |  64|   0|   64|          0|
    |s_box_V_addr_2_read_reg_1791   |   8|   0|    8|          0|
    |s_box_V_addr_2_reg_1774        |  32|   0|   32|          0|
    |s_box_V_addr_read_reg_1741     |   8|   0|    8|          0|
    |s_box_V_addr_reg_1735          |  32|   0|   32|          0|
    |sext_ln719_10_reg_1677         |  33|   0|   33|          0|
    |sub_ln180_reg_1864             |   7|   0|    9|          2|
    |temporary_key_0_V_0_reg_312    |  16|   0|   16|          0|
    |temporary_key_0_V_116_reg_932  |  16|   0|   16|          0|
    |temporary_key_0_V_13_reg_647   |  16|   0|   16|          0|
    |temporary_key_0_V_1_reg_882    |  16|   0|   16|          0|
    |temporary_key_0_V_3_2_reg_694  |  16|   0|   16|          0|
    |temporary_key_0_V_3_reg_624    |  16|   0|   16|          0|
    |temporary_key_0_V_5_2_reg_819  |  16|   0|   16|          0|
    |temporary_key_0_V_5_reg_743    |  16|   0|   16|          0|
    |temporary_key_0_V_72_reg_508   |  16|   0|   16|          0|
    |temporary_key_0_V_7_reg_584    |  16|   0|   16|          0|
    |temporary_key_1_V_0_reg_300    |  16|   0|   16|          0|
    |temporary_key_1_V_11_reg_920   |  16|   0|   16|          0|
    |temporary_key_1_V_1_4_reg_867  |  16|   0|   16|          0|
    |temporary_key_1_V_1_6_reg_439  |  16|   0|   16|          0|
    |temporary_key_1_V_1_reg_370    |  16|   0|   16|          0|
    |temporary_key_1_V_3_2_reg_678  |  16|   0|   16|          0|
    |temporary_key_1_V_3_reg_613    |  16|   0|   16|          0|
    |temporary_key_1_V_5_2_reg_801  |  16|   0|   16|          0|
    |temporary_key_1_V_5_reg_732    |  16|   0|   16|          0|
    |temporary_key_1_V_7_2_reg_566  |  16|   0|   16|          0|
    |temporary_key_1_V_7_reg_497    |  16|   0|   16|          0|
    |temporary_key_2_V_0_reg_288    |  16|   0|   16|          0|
    |temporary_key_2_V_11_reg_908   |  16|   0|   16|          0|
    |temporary_key_2_V_1_4_reg_852  |  16|   0|   16|          0|
    |temporary_key_2_V_1_6_reg_421  |  16|   0|   16|          0|
    |temporary_key_2_V_1_reg_359    |  16|   0|   16|          0|
    |temporary_key_2_V_3_2_reg_662  |  16|   0|   16|          0|
    |temporary_key_2_V_3_reg_602    |  16|   0|   16|          0|
    |temporary_key_2_V_5_2_reg_783  |  16|   0|   16|          0|
    |temporary_key_2_V_5_reg_721    |  16|   0|   16|          0|
    |temporary_key_2_V_7_2_reg_548  |  16|   0|   16|          0|
    |temporary_key_2_V_7_reg_486    |  16|   0|   16|          0|
    |temporary_key_3_V_0_reg_276    |  16|   0|   16|          0|
    |temporary_key_3_V_1_2_reg_403  |  16|   0|   16|          0|
    |temporary_key_3_V_1_reg_348    |  16|   0|   16|          0|
    |temporary_key_3_V_3_2_reg_765  |  16|   0|   16|          0|
    |temporary_key_3_V_3_reg_710    |  16|   0|   16|          0|
    |temporary_key_3_V_5_2_reg_530  |  16|   0|   16|          0|
    |temporary_key_3_V_5_reg_475    |  16|   0|   16|          0|
    |temporary_key_3_V_9_3_reg_837  |  16|   0|   16|          0|
    |temporary_key_3_V_9_reg_896    |  16|   0|   16|          0|
    |temporary_key_3_V_b_reg_457    |  16|   0|   16|          0|
    |temporary_key_3_V_reg_381      |  16|   0|   16|          0|
    |trunc_ln172_reg_1770           |   2|   0|    2|          0|
    |trunc_ln180_reg_1704           |   2|   0|    2|          0|
    |trunc_ln185_reg_1731           |   2|   0|    2|          0|
    |trunc_ln719_12_reg_1828        |   2|   0|    2|          0|
    |zext_ln207_reg_1851            |   3|   0|    8|          5|
    |zext_ln887_reg_1683            |  29|   0|   62|         33|
    +-------------------------------+----+----+-----+-----------+
    |Total                          |1191|   0| 1231|         40|
    +-------------------------------+----+----+-----+-----------+



================================================================
== Interface
================================================================
* Summary: 
+--------------------------------+-----+-----+------------+-----------------------+--------------+
|            RTL Ports           | Dir | Bits|  Protocol  |     Source Object     |    C Type    |
+--------------------------------+-----+-----+------------+-----------------------+--------------+
|ap_clk                          |  in |    1| ap_ctrl_hs |     aes_expand_key    | return value |
|ap_rst                          |  in |    1| ap_ctrl_hs |     aes_expand_key    | return value |
|ap_start                        |  in |    1| ap_ctrl_hs |     aes_expand_key    | return value |
|ap_done                         | out |    1| ap_ctrl_hs |     aes_expand_key    | return value |
|ap_idle                         | out |    1| ap_ctrl_hs |     aes_expand_key    | return value |
|ap_ready                        | out |    1| ap_ctrl_hs |     aes_expand_key    | return value |
|m_axi_key_V_AWVALID             | out |    1|    m_axi   |         key_V         |    pointer   |
|m_axi_key_V_AWREADY             |  in |    1|    m_axi   |         key_V         |    pointer   |
|m_axi_key_V_AWADDR              | out |   32|    m_axi   |         key_V         |    pointer   |
|m_axi_key_V_AWID                | out |    1|    m_axi   |         key_V         |    pointer   |
|m_axi_key_V_AWLEN               | out |   32|    m_axi   |         key_V         |    pointer   |
|m_axi_key_V_AWSIZE              | out |    3|    m_axi   |         key_V         |    pointer   |
|m_axi_key_V_AWBURST             | out |    2|    m_axi   |         key_V         |    pointer   |
|m_axi_key_V_AWLOCK              | out |    2|    m_axi   |         key_V         |    pointer   |
|m_axi_key_V_AWCACHE             | out |    4|    m_axi   |         key_V         |    pointer   |
|m_axi_key_V_AWPROT              | out |    3|    m_axi   |         key_V         |    pointer   |
|m_axi_key_V_AWQOS               | out |    4|    m_axi   |         key_V         |    pointer   |
|m_axi_key_V_AWREGION            | out |    4|    m_axi   |         key_V         |    pointer   |
|m_axi_key_V_AWUSER              | out |    1|    m_axi   |         key_V         |    pointer   |
|m_axi_key_V_WVALID              | out |    1|    m_axi   |         key_V         |    pointer   |
|m_axi_key_V_WREADY              |  in |    1|    m_axi   |         key_V         |    pointer   |
|m_axi_key_V_WDATA               | out |   16|    m_axi   |         key_V         |    pointer   |
|m_axi_key_V_WSTRB               | out |    2|    m_axi   |         key_V         |    pointer   |
|m_axi_key_V_WLAST               | out |    1|    m_axi   |         key_V         |    pointer   |
|m_axi_key_V_WID                 | out |    1|    m_axi   |         key_V         |    pointer   |
|m_axi_key_V_WUSER               | out |    1|    m_axi   |         key_V         |    pointer   |
|m_axi_key_V_ARVALID             | out |    1|    m_axi   |         key_V         |    pointer   |
|m_axi_key_V_ARREADY             |  in |    1|    m_axi   |         key_V         |    pointer   |
|m_axi_key_V_ARADDR              | out |   32|    m_axi   |         key_V         |    pointer   |
|m_axi_key_V_ARID                | out |    1|    m_axi   |         key_V         |    pointer   |
|m_axi_key_V_ARLEN               | out |   32|    m_axi   |         key_V         |    pointer   |
|m_axi_key_V_ARSIZE              | out |    3|    m_axi   |         key_V         |    pointer   |
|m_axi_key_V_ARBURST             | out |    2|    m_axi   |         key_V         |    pointer   |
|m_axi_key_V_ARLOCK              | out |    2|    m_axi   |         key_V         |    pointer   |
|m_axi_key_V_ARCACHE             | out |    4|    m_axi   |         key_V         |    pointer   |
|m_axi_key_V_ARPROT              | out |    3|    m_axi   |         key_V         |    pointer   |
|m_axi_key_V_ARQOS               | out |    4|    m_axi   |         key_V         |    pointer   |
|m_axi_key_V_ARREGION            | out |    4|    m_axi   |         key_V         |    pointer   |
|m_axi_key_V_ARUSER              | out |    1|    m_axi   |         key_V         |    pointer   |
|m_axi_key_V_RVALID              |  in |    1|    m_axi   |         key_V         |    pointer   |
|m_axi_key_V_RREADY              | out |    1|    m_axi   |         key_V         |    pointer   |
|m_axi_key_V_RDATA               |  in |   16|    m_axi   |         key_V         |    pointer   |
|m_axi_key_V_RLAST               |  in |    1|    m_axi   |         key_V         |    pointer   |
|m_axi_key_V_RID                 |  in |    1|    m_axi   |         key_V         |    pointer   |
|m_axi_key_V_RUSER               |  in |    1|    m_axi   |         key_V         |    pointer   |
|m_axi_key_V_RRESP               |  in |    2|    m_axi   |         key_V         |    pointer   |
|m_axi_key_V_BVALID              |  in |    1|    m_axi   |         key_V         |    pointer   |
|m_axi_key_V_BREADY              | out |    1|    m_axi   |         key_V         |    pointer   |
|m_axi_key_V_BRESP               |  in |    2|    m_axi   |         key_V         |    pointer   |
|m_axi_key_V_BID                 |  in |    1|    m_axi   |         key_V         |    pointer   |
|m_axi_key_V_BUSER               |  in |    1|    m_axi   |         key_V         |    pointer   |
|key_V_offset                    |  in |   31|   ap_none  |      key_V_offset     |    scalar    |
|m_axi_s_box_V_AWVALID           | out |    1|    m_axi   |        s_box_V        |    pointer   |
|m_axi_s_box_V_AWREADY           |  in |    1|    m_axi   |        s_box_V        |    pointer   |
|m_axi_s_box_V_AWADDR            | out |   32|    m_axi   |        s_box_V        |    pointer   |
|m_axi_s_box_V_AWID              | out |    1|    m_axi   |        s_box_V        |    pointer   |
|m_axi_s_box_V_AWLEN             | out |   32|    m_axi   |        s_box_V        |    pointer   |
|m_axi_s_box_V_AWSIZE            | out |    3|    m_axi   |        s_box_V        |    pointer   |
|m_axi_s_box_V_AWBURST           | out |    2|    m_axi   |        s_box_V        |    pointer   |
|m_axi_s_box_V_AWLOCK            | out |    2|    m_axi   |        s_box_V        |    pointer   |
|m_axi_s_box_V_AWCACHE           | out |    4|    m_axi   |        s_box_V        |    pointer   |
|m_axi_s_box_V_AWPROT            | out |    3|    m_axi   |        s_box_V        |    pointer   |
|m_axi_s_box_V_AWQOS             | out |    4|    m_axi   |        s_box_V        |    pointer   |
|m_axi_s_box_V_AWREGION          | out |    4|    m_axi   |        s_box_V        |    pointer   |
|m_axi_s_box_V_AWUSER            | out |    1|    m_axi   |        s_box_V        |    pointer   |
|m_axi_s_box_V_WVALID            | out |    1|    m_axi   |        s_box_V        |    pointer   |
|m_axi_s_box_V_WREADY            |  in |    1|    m_axi   |        s_box_V        |    pointer   |
|m_axi_s_box_V_WDATA             | out |    8|    m_axi   |        s_box_V        |    pointer   |
|m_axi_s_box_V_WSTRB             | out |    1|    m_axi   |        s_box_V        |    pointer   |
|m_axi_s_box_V_WLAST             | out |    1|    m_axi   |        s_box_V        |    pointer   |
|m_axi_s_box_V_WID               | out |    1|    m_axi   |        s_box_V        |    pointer   |
|m_axi_s_box_V_WUSER             | out |    1|    m_axi   |        s_box_V        |    pointer   |
|m_axi_s_box_V_ARVALID           | out |    1|    m_axi   |        s_box_V        |    pointer   |
|m_axi_s_box_V_ARREADY           |  in |    1|    m_axi   |        s_box_V        |    pointer   |
|m_axi_s_box_V_ARADDR            | out |   32|    m_axi   |        s_box_V        |    pointer   |
|m_axi_s_box_V_ARID              | out |    1|    m_axi   |        s_box_V        |    pointer   |
|m_axi_s_box_V_ARLEN             | out |   32|    m_axi   |        s_box_V        |    pointer   |
|m_axi_s_box_V_ARSIZE            | out |    3|    m_axi   |        s_box_V        |    pointer   |
|m_axi_s_box_V_ARBURST           | out |    2|    m_axi   |        s_box_V        |    pointer   |
|m_axi_s_box_V_ARLOCK            | out |    2|    m_axi   |        s_box_V        |    pointer   |
|m_axi_s_box_V_ARCACHE           | out |    4|    m_axi   |        s_box_V        |    pointer   |
|m_axi_s_box_V_ARPROT            | out |    3|    m_axi   |        s_box_V        |    pointer   |
|m_axi_s_box_V_ARQOS             | out |    4|    m_axi   |        s_box_V        |    pointer   |
|m_axi_s_box_V_ARREGION          | out |    4|    m_axi   |        s_box_V        |    pointer   |
|m_axi_s_box_V_ARUSER            | out |    1|    m_axi   |        s_box_V        |    pointer   |
|m_axi_s_box_V_RVALID            |  in |    1|    m_axi   |        s_box_V        |    pointer   |
|m_axi_s_box_V_RREADY            | out |    1|    m_axi   |        s_box_V        |    pointer   |
|m_axi_s_box_V_RDATA             |  in |    8|    m_axi   |        s_box_V        |    pointer   |
|m_axi_s_box_V_RLAST             |  in |    1|    m_axi   |        s_box_V        |    pointer   |
|m_axi_s_box_V_RID               |  in |    1|    m_axi   |        s_box_V        |    pointer   |
|m_axi_s_box_V_RUSER             |  in |    1|    m_axi   |        s_box_V        |    pointer   |
|m_axi_s_box_V_RRESP             |  in |    2|    m_axi   |        s_box_V        |    pointer   |
|m_axi_s_box_V_BVALID            |  in |    1|    m_axi   |        s_box_V        |    pointer   |
|m_axi_s_box_V_BREADY            | out |    1|    m_axi   |        s_box_V        |    pointer   |
|m_axi_s_box_V_BRESP             |  in |    2|    m_axi   |        s_box_V        |    pointer   |
|m_axi_s_box_V_BID               |  in |    1|    m_axi   |        s_box_V        |    pointer   |
|m_axi_s_box_V_BUSER             |  in |    1|    m_axi   |        s_box_V        |    pointer   |
|s_box_V_offset                  |  in |   32|   ap_none  |     s_box_V_offset    |    scalar    |
|m_axi_rcon_V_AWVALID            | out |    1|    m_axi   |         rcon_V        |    pointer   |
|m_axi_rcon_V_AWREADY            |  in |    1|    m_axi   |         rcon_V        |    pointer   |
|m_axi_rcon_V_AWADDR             | out |   32|    m_axi   |         rcon_V        |    pointer   |
|m_axi_rcon_V_AWID               | out |    1|    m_axi   |         rcon_V        |    pointer   |
|m_axi_rcon_V_AWLEN              | out |   32|    m_axi   |         rcon_V        |    pointer   |
|m_axi_rcon_V_AWSIZE             | out |    3|    m_axi   |         rcon_V        |    pointer   |
|m_axi_rcon_V_AWBURST            | out |    2|    m_axi   |         rcon_V        |    pointer   |
|m_axi_rcon_V_AWLOCK             | out |    2|    m_axi   |         rcon_V        |    pointer   |
|m_axi_rcon_V_AWCACHE            | out |    4|    m_axi   |         rcon_V        |    pointer   |
|m_axi_rcon_V_AWPROT             | out |    3|    m_axi   |         rcon_V        |    pointer   |
|m_axi_rcon_V_AWQOS              | out |    4|    m_axi   |         rcon_V        |    pointer   |
|m_axi_rcon_V_AWREGION           | out |    4|    m_axi   |         rcon_V        |    pointer   |
|m_axi_rcon_V_AWUSER             | out |    1|    m_axi   |         rcon_V        |    pointer   |
|m_axi_rcon_V_WVALID             | out |    1|    m_axi   |         rcon_V        |    pointer   |
|m_axi_rcon_V_WREADY             |  in |    1|    m_axi   |         rcon_V        |    pointer   |
|m_axi_rcon_V_WDATA              | out |   64|    m_axi   |         rcon_V        |    pointer   |
|m_axi_rcon_V_WSTRB              | out |    8|    m_axi   |         rcon_V        |    pointer   |
|m_axi_rcon_V_WLAST              | out |    1|    m_axi   |         rcon_V        |    pointer   |
|m_axi_rcon_V_WID                | out |    1|    m_axi   |         rcon_V        |    pointer   |
|m_axi_rcon_V_WUSER              | out |    1|    m_axi   |         rcon_V        |    pointer   |
|m_axi_rcon_V_ARVALID            | out |    1|    m_axi   |         rcon_V        |    pointer   |
|m_axi_rcon_V_ARREADY            |  in |    1|    m_axi   |         rcon_V        |    pointer   |
|m_axi_rcon_V_ARADDR             | out |   32|    m_axi   |         rcon_V        |    pointer   |
|m_axi_rcon_V_ARID               | out |    1|    m_axi   |         rcon_V        |    pointer   |
|m_axi_rcon_V_ARLEN              | out |   32|    m_axi   |         rcon_V        |    pointer   |
|m_axi_rcon_V_ARSIZE             | out |    3|    m_axi   |         rcon_V        |    pointer   |
|m_axi_rcon_V_ARBURST            | out |    2|    m_axi   |         rcon_V        |    pointer   |
|m_axi_rcon_V_ARLOCK             | out |    2|    m_axi   |         rcon_V        |    pointer   |
|m_axi_rcon_V_ARCACHE            | out |    4|    m_axi   |         rcon_V        |    pointer   |
|m_axi_rcon_V_ARPROT             | out |    3|    m_axi   |         rcon_V        |    pointer   |
|m_axi_rcon_V_ARQOS              | out |    4|    m_axi   |         rcon_V        |    pointer   |
|m_axi_rcon_V_ARREGION           | out |    4|    m_axi   |         rcon_V        |    pointer   |
|m_axi_rcon_V_ARUSER             | out |    1|    m_axi   |         rcon_V        |    pointer   |
|m_axi_rcon_V_RVALID             |  in |    1|    m_axi   |         rcon_V        |    pointer   |
|m_axi_rcon_V_RREADY             | out |    1|    m_axi   |         rcon_V        |    pointer   |
|m_axi_rcon_V_RDATA              |  in |   64|    m_axi   |         rcon_V        |    pointer   |
|m_axi_rcon_V_RLAST              |  in |    1|    m_axi   |         rcon_V        |    pointer   |
|m_axi_rcon_V_RID                |  in |    1|    m_axi   |         rcon_V        |    pointer   |
|m_axi_rcon_V_RUSER              |  in |    1|    m_axi   |         rcon_V        |    pointer   |
|m_axi_rcon_V_RRESP              |  in |    2|    m_axi   |         rcon_V        |    pointer   |
|m_axi_rcon_V_BVALID             |  in |    1|    m_axi   |         rcon_V        |    pointer   |
|m_axi_rcon_V_BREADY             | out |    1|    m_axi   |         rcon_V        |    pointer   |
|m_axi_rcon_V_BRESP              |  in |    2|    m_axi   |         rcon_V        |    pointer   |
|m_axi_rcon_V_BID                |  in |    1|    m_axi   |         rcon_V        |    pointer   |
|m_axi_rcon_V_BUSER              |  in |    1|    m_axi   |         rcon_V        |    pointer   |
|rcon_V_offset                   |  in |   29|   ap_none  |     rcon_V_offset     |    scalar    |
|expanded_key_matrix_V_address0  | out |    8|  ap_memory | expanded_key_matrix_V |     array    |
|expanded_key_matrix_V_ce0       | out |    1|  ap_memory | expanded_key_matrix_V |     array    |
|expanded_key_matrix_V_we0       | out |    1|  ap_memory | expanded_key_matrix_V |     array    |
|expanded_key_matrix_V_d0        | out |   16|  ap_memory | expanded_key_matrix_V |     array    |
+--------------------------------+-----+-----+------------+-----------------------+--------------+

