

================================================================
== Vivado HLS Report for 'xts_aes_process_bloc'
================================================================
* Date:           Sun Dec 12 23:31:00 2021

* Version:        2019.1 (Build 2552052 on Fri May 24 15:28:33 MDT 2019)
* Project:        AES-XTS
* Solution:       solution1
* Product family: zynq
* Target device:  xc7z020-clg400-1


================================================================
== Performance Estimates
================================================================
+ Timing (ns): 
    * Summary: 
    +--------+-------+----------+------------+
    |  Clock | Target| Estimated| Uncertainty|
    +--------+-------+----------+------------+
    |ap_clk  |  10.00|     8.750|        1.25|
    +--------+-------+----------+------------+

+ Latency (clock cycles): 
    * Summary: 
    +-------+-------+-------+-------+---------+
    |    Latency    |    Interval   | Pipeline|
    |  min  |  max  |  min  |  max  |   Type  |
    +-------+-------+-------+-------+---------+
    |  10403|  17436|  10403|  17436|   none  |
    +-------+-------+-------+-------+---------+

    + Detail: 
        * Instance: 
        +----------------------------+-----------------+-------+-------+-------+-------+---------+
        |                            |                 |    Latency    |    Interval   | Pipeline|
        |          Instance          |      Module     |  min  |  max  |  min  |  max  |   Type  |
        +----------------------------+-----------------+-------+-------+-------+-------+---------+
        |grp_aes_process_240_fu_164  |aes_process_240  |  16823|  17369|  16823|  17369|   none  |
        |grp_aes_process_2_fu_182    |aes_process_2    |  10336|  10882|  10336|  10882|   none  |
        +----------------------------+-----------------+-------+-------+-------+-------+---------+

        * Loop: 
        +----------+-----+-----+----------+-----------+-----------+------+----------+
        |          |  Latency  | Iteration|  Initiation Interval  | Trip |          |
        | Loop Name| min | max |  Latency |  achieved |   target  | Count| Pipelined|
        +----------+-----+-----+----------+-----------+-----------+------+----------+
        |- Loop 1  |   32|   32|         2|          -|          -|    16|    no    |
        |- Loop 2  |   32|   32|         2|          -|          -|    16|    no    |
        +----------+-----+-----+----------+-----------+-----------+------+----------+



================================================================
== Utilization Estimates
================================================================
* Summary: 
+-----------------+---------+-------+--------+-------+-----+
|       Name      | BRAM_18K| DSP48E|   FF   |  LUT  | URAM|
+-----------------+---------+-------+--------+-------+-----+
|DSP              |        -|      -|       -|      -|    -|
|Expression       |        -|      -|       0|    107|    -|
|FIFO             |        -|      -|       -|      -|    -|
|Instance         |        0|      -|    3654|   8291|    0|
|Memory           |        -|      -|       -|      -|    -|
|Multiplexer      |        -|      -|       -|    787|    -|
|Register         |        -|      -|      62|      -|    -|
+-----------------+---------+-------+--------+-------+-----+
|Total            |        0|      0|    3716|   9185|    0|
+-----------------+---------+-------+--------+-------+-----+
|Available        |      280|    220|  106400|  53200|    0|
+-----------------+---------+-------+--------+-------+-----+
|Utilization (%)  |        0|      0|       3|     17|    0|
+-----------------+---------+-------+--------+-------+-----+

+ Detail: 
    * Instance: 
    +----------------------------+-----------------+---------+-------+------+------+-----+
    |          Instance          |      Module     | BRAM_18K| DSP48E|  FF  |  LUT | URAM|
    +----------------------------+-----------------+---------+-------+------+------+-----+
    |grp_aes_process_2_fu_182    |aes_process_2    |        0|      0|  1495|  3048|    0|
    |grp_aes_process_240_fu_164  |aes_process_240  |        0|      0|  2159|  5243|    0|
    +----------------------------+-----------------+---------+-------+------+------+-----+
    |Total                       |                 |        0|      0|  3654|  8291|    0|
    +----------------------------+-----------------+---------+-------+------+------+-----+

    * DSP48E: 
    N/A

    * Memory: 
    N/A

    * FIFO: 
    N/A

    * Expression: 
    +---------------------------------+----------+-------+---+----+------------+------------+
    |          Variable Name          | Operation| DSP48E| FF| LUT| Bitwidth P0| Bitwidth P1|
    +---------------------------------+----------+-------+---+----+------------+------------+
    |add_ln1357_1_fu_281_p2           |     +    |      0|  0|  12|          12|          12|
    |add_ln1357_fu_240_p2             |     +    |      0|  0|  12|          12|          12|
    |i_2_fu_266_p2                    |     +    |      0|  0|  15|           5|           1|
    |i_fu_225_p2                      |     +    |      0|  0|  15|           5|           1|
    |icmp_ln267_fu_219_p2             |   icmp   |      0|  0|  11|           5|           6|
    |icmp_ln281_fu_260_p2             |   icmp   |      0|  0|  11|           5|           6|
    |icmp_ln879_fu_250_p2             |   icmp   |      0|  0|  13|          16|           1|
    |ap_block_state4_on_subcall_done  |    or    |      0|  0|   2|           1|           1|
    |grp_fu_200_p2                    |    xor   |      0|  0|  16|          16|          16|
    +---------------------------------+----------+-------+---+----+------------+------------+
    |Total                            |          |      0|  0| 107|          77|          56|
    +---------------------------------+----------+-------+---+----+------------+------------+

    * Multiplexer: 
    +-----------------------------------------------+----+-----------+-----+-----------+
    |                      Name                     | LUT| Input Size| Bits| Total Bits|
    +-----------------------------------------------+----+-----------+-----+-----------+
    |ap_NS_fsm                                      |  38|          7|    1|          7|
    |block_V_address0                               |  38|          7|   10|         70|
    |block_V_ce0                                    |  21|          4|    1|          4|
    |block_V_d0                                     |  21|          4|   16|         64|
    |block_V_we0                                    |  21|          4|    1|          4|
    |expanded_key_V_address0                        |  15|          3|    8|         24|
    |expanded_key_V_ce0                             |  15|          3|    1|          3|
    |i1_0_reg_153                                   |   9|          2|    5|         10|
    |i_0_reg_142                                    |   9|          2|    5|         10|
    |m_axi_mix_column_constant_matrices_V_ARADDR    |  15|          3|   32|         96|
    |m_axi_mix_column_constant_matrices_V_ARBURST   |  15|          3|    2|          6|
    |m_axi_mix_column_constant_matrices_V_ARCACHE   |  15|          3|    4|         12|
    |m_axi_mix_column_constant_matrices_V_ARID      |  15|          3|    1|          3|
    |m_axi_mix_column_constant_matrices_V_ARLEN     |  15|          3|   32|         96|
    |m_axi_mix_column_constant_matrices_V_ARLOCK    |  15|          3|    2|          6|
    |m_axi_mix_column_constant_matrices_V_ARPROT    |  15|          3|    3|          9|
    |m_axi_mix_column_constant_matrices_V_ARQOS     |  15|          3|    4|         12|
    |m_axi_mix_column_constant_matrices_V_ARREGION  |  15|          3|    4|         12|
    |m_axi_mix_column_constant_matrices_V_ARSIZE    |  15|          3|    3|          9|
    |m_axi_mix_column_constant_matrices_V_ARUSER    |  15|          3|    1|          3|
    |m_axi_mix_column_constant_matrices_V_ARVALID   |  15|          3|    1|          3|
    |m_axi_mix_column_constant_matrices_V_RREADY    |  15|          3|    1|          3|
    |m_axi_multiplication_V_ARADDR                  |  15|          3|   32|         96|
    |m_axi_multiplication_V_ARBURST                 |  15|          3|    2|          6|
    |m_axi_multiplication_V_ARCACHE                 |  15|          3|    4|         12|
    |m_axi_multiplication_V_ARID                    |  15|          3|    1|          3|
    |m_axi_multiplication_V_ARLEN                   |  15|          3|   32|         96|
    |m_axi_multiplication_V_ARLOCK                  |  15|          3|    2|          6|
    |m_axi_multiplication_V_ARPROT                  |  15|          3|    3|          9|
    |m_axi_multiplication_V_ARQOS                   |  15|          3|    4|         12|
    |m_axi_multiplication_V_ARREGION                |  15|          3|    4|         12|
    |m_axi_multiplication_V_ARSIZE                  |  15|          3|    3|          9|
    |m_axi_multiplication_V_ARUSER                  |  15|          3|    1|          3|
    |m_axi_multiplication_V_ARVALID                 |  15|          3|    1|          3|
    |m_axi_multiplication_V_RREADY                  |  15|          3|    1|          3|
    |m_axi_s_boxes_V_ARADDR                         |  15|          3|   32|         96|
    |m_axi_s_boxes_V_ARBURST                        |  15|          3|    2|          6|
    |m_axi_s_boxes_V_ARCACHE                        |  15|          3|    4|         12|
    |m_axi_s_boxes_V_ARID                           |  15|          3|    1|          3|
    |m_axi_s_boxes_V_ARLEN                          |  15|          3|   32|         96|
    |m_axi_s_boxes_V_ARLOCK                         |  15|          3|    2|          6|
    |m_axi_s_boxes_V_ARPROT                         |  15|          3|    3|          9|
    |m_axi_s_boxes_V_ARQOS                          |  15|          3|    4|         12|
    |m_axi_s_boxes_V_ARREGION                       |  15|          3|    4|         12|
    |m_axi_s_boxes_V_ARSIZE                         |  15|          3|    3|          9|
    |m_axi_s_boxes_V_ARUSER                         |  15|          3|    1|          3|
    |m_axi_s_boxes_V_ARVALID                        |  15|          3|    1|          3|
    |m_axi_s_boxes_V_RREADY                         |  15|          3|    1|          3|
    |tweak_V_address0                               |  15|          3|    4|         12|
    +-----------------------------------------------+----+-----------+-----+-----------+
    |Total                                          | 787|        156|  322|       1018|
    +-----------------------------------------------+----+-----------+-----+-----------+

    * Register: 
    +-----------------------------------------+----+----+-----+-----------+
    |                   Name                  | FF | LUT| Bits| Const Bits|
    +-----------------------------------------+----+----+-----+-----------+
    |ap_CS_fsm                                |   6|   0|    6|          0|
    |block_V_addr_1_reg_361                   |  10|   0|   10|          0|
    |block_V_addr_reg_333                     |  10|   0|   10|          0|
    |empty_16_reg_347                         |   6|   0|    6|          0|
    |grp_aes_process_240_fu_164_ap_start_reg  |   1|   0|    1|          0|
    |grp_aes_process_2_fu_182_ap_start_reg    |   1|   0|    1|          0|
    |i1_0_reg_153                             |   5|   0|    5|          0|
    |i_0_reg_142                              |   5|   0|    5|          0|
    |i_2_reg_356                              |   5|   0|    5|          0|
    |i_reg_328                                |   5|   0|    5|          0|
    |icmp_ln879_reg_343                       |   1|   0|    1|          0|
    |zext_ln1357_cast_reg_319                 |   7|   0|   12|          5|
    +-----------------------------------------+----+----+-----+-----------+
    |Total                                    |  62|   0|   67|          5|
    +-----------------------------------------+----+----+-----+-----------+



================================================================
== Interface
================================================================
* Summary: 
+-----------------------------------------------+-----+-----+------------+---------------------------------------+--------------+
|                   RTL Ports                   | Dir | Bits|  Protocol  |             Source Object             |    C Type    |
+-----------------------------------------------+-----+-----+------------+---------------------------------------+--------------+
|ap_clk                                         |  in |    1| ap_ctrl_hs |          xts_aes_process_bloc         | return value |
|ap_rst                                         |  in |    1| ap_ctrl_hs |          xts_aes_process_bloc         | return value |
|ap_start                                       |  in |    1| ap_ctrl_hs |          xts_aes_process_bloc         | return value |
|ap_done                                        | out |    1| ap_ctrl_hs |          xts_aes_process_bloc         | return value |
|ap_idle                                        | out |    1| ap_ctrl_hs |          xts_aes_process_bloc         | return value |
|ap_ready                                       | out |    1| ap_ctrl_hs |          xts_aes_process_bloc         | return value |
|block_V_address0                               | out |   10|  ap_memory |                block_V                |     array    |
|block_V_ce0                                    | out |    1|  ap_memory |                block_V                |     array    |
|block_V_we0                                    | out |    1|  ap_memory |                block_V                |     array    |
|block_V_d0                                     | out |   16|  ap_memory |                block_V                |     array    |
|block_V_q0                                     |  in |   16|  ap_memory |                block_V                |     array    |
|block_V_offset                                 |  in |    7|   ap_none  |             block_V_offset            |    scalar    |
|tweak_V_address0                               | out |    4|  ap_memory |                tweak_V                |     array    |
|tweak_V_ce0                                    | out |    1|  ap_memory |                tweak_V                |     array    |
|tweak_V_q0                                     |  in |   16|  ap_memory |                tweak_V                |     array    |
|mode_V                                         |  in |   16|   ap_none  |                 mode_V                |    scalar    |
|expanded_key_V_address0                        | out |    8|  ap_memory |             expanded_key_V            |     array    |
|expanded_key_V_ce0                             | out |    1|  ap_memory |             expanded_key_V            |     array    |
|expanded_key_V_q0                              |  in |   16|  ap_memory |             expanded_key_V            |     array    |
|m_axi_s_boxes_V_AWVALID                        | out |    1|    m_axi   |               s_boxes_V               |    pointer   |
|m_axi_s_boxes_V_AWREADY                        |  in |    1|    m_axi   |               s_boxes_V               |    pointer   |
|m_axi_s_boxes_V_AWADDR                         | out |   32|    m_axi   |               s_boxes_V               |    pointer   |
|m_axi_s_boxes_V_AWID                           | out |    1|    m_axi   |               s_boxes_V               |    pointer   |
|m_axi_s_boxes_V_AWLEN                          | out |   32|    m_axi   |               s_boxes_V               |    pointer   |
|m_axi_s_boxes_V_AWSIZE                         | out |    3|    m_axi   |               s_boxes_V               |    pointer   |
|m_axi_s_boxes_V_AWBURST                        | out |    2|    m_axi   |               s_boxes_V               |    pointer   |
|m_axi_s_boxes_V_AWLOCK                         | out |    2|    m_axi   |               s_boxes_V               |    pointer   |
|m_axi_s_boxes_V_AWCACHE                        | out |    4|    m_axi   |               s_boxes_V               |    pointer   |
|m_axi_s_boxes_V_AWPROT                         | out |    3|    m_axi   |               s_boxes_V               |    pointer   |
|m_axi_s_boxes_V_AWQOS                          | out |    4|    m_axi   |               s_boxes_V               |    pointer   |
|m_axi_s_boxes_V_AWREGION                       | out |    4|    m_axi   |               s_boxes_V               |    pointer   |
|m_axi_s_boxes_V_AWUSER                         | out |    1|    m_axi   |               s_boxes_V               |    pointer   |
|m_axi_s_boxes_V_WVALID                         | out |    1|    m_axi   |               s_boxes_V               |    pointer   |
|m_axi_s_boxes_V_WREADY                         |  in |    1|    m_axi   |               s_boxes_V               |    pointer   |
|m_axi_s_boxes_V_WDATA                          | out |    8|    m_axi   |               s_boxes_V               |    pointer   |
|m_axi_s_boxes_V_WSTRB                          | out |    1|    m_axi   |               s_boxes_V               |    pointer   |
|m_axi_s_boxes_V_WLAST                          | out |    1|    m_axi   |               s_boxes_V               |    pointer   |
|m_axi_s_boxes_V_WID                            | out |    1|    m_axi   |               s_boxes_V               |    pointer   |
|m_axi_s_boxes_V_WUSER                          | out |    1|    m_axi   |               s_boxes_V               |    pointer   |
|m_axi_s_boxes_V_ARVALID                        | out |    1|    m_axi   |               s_boxes_V               |    pointer   |
|m_axi_s_boxes_V_ARREADY                        |  in |    1|    m_axi   |               s_boxes_V               |    pointer   |
|m_axi_s_boxes_V_ARADDR                         | out |   32|    m_axi   |               s_boxes_V               |    pointer   |
|m_axi_s_boxes_V_ARID                           | out |    1|    m_axi   |               s_boxes_V               |    pointer   |
|m_axi_s_boxes_V_ARLEN                          | out |   32|    m_axi   |               s_boxes_V               |    pointer   |
|m_axi_s_boxes_V_ARSIZE                         | out |    3|    m_axi   |               s_boxes_V               |    pointer   |
|m_axi_s_boxes_V_ARBURST                        | out |    2|    m_axi   |               s_boxes_V               |    pointer   |
|m_axi_s_boxes_V_ARLOCK                         | out |    2|    m_axi   |               s_boxes_V               |    pointer   |
|m_axi_s_boxes_V_ARCACHE                        | out |    4|    m_axi   |               s_boxes_V               |    pointer   |
|m_axi_s_boxes_V_ARPROT                         | out |    3|    m_axi   |               s_boxes_V               |    pointer   |
|m_axi_s_boxes_V_ARQOS                          | out |    4|    m_axi   |               s_boxes_V               |    pointer   |
|m_axi_s_boxes_V_ARREGION                       | out |    4|    m_axi   |               s_boxes_V               |    pointer   |
|m_axi_s_boxes_V_ARUSER                         | out |    1|    m_axi   |               s_boxes_V               |    pointer   |
|m_axi_s_boxes_V_RVALID                         |  in |    1|    m_axi   |               s_boxes_V               |    pointer   |
|m_axi_s_boxes_V_RREADY                         | out |    1|    m_axi   |               s_boxes_V               |    pointer   |
|m_axi_s_boxes_V_RDATA                          |  in |    8|    m_axi   |               s_boxes_V               |    pointer   |
|m_axi_s_boxes_V_RLAST                          |  in |    1|    m_axi   |               s_boxes_V               |    pointer   |
|m_axi_s_boxes_V_RID                            |  in |    1|    m_axi   |               s_boxes_V               |    pointer   |
|m_axi_s_boxes_V_RUSER                          |  in |    1|    m_axi   |               s_boxes_V               |    pointer   |
|m_axi_s_boxes_V_RRESP                          |  in |    2|    m_axi   |               s_boxes_V               |    pointer   |
|m_axi_s_boxes_V_BVALID                         |  in |    1|    m_axi   |               s_boxes_V               |    pointer   |
|m_axi_s_boxes_V_BREADY                         | out |    1|    m_axi   |               s_boxes_V               |    pointer   |
|m_axi_s_boxes_V_BRESP                          |  in |    2|    m_axi   |               s_boxes_V               |    pointer   |
|m_axi_s_boxes_V_BID                            |  in |    1|    m_axi   |               s_boxes_V               |    pointer   |
|m_axi_s_boxes_V_BUSER                          |  in |    1|    m_axi   |               s_boxes_V               |    pointer   |
|s_boxes_V_offset                               |  in |   32|   ap_none  |            s_boxes_V_offset           |    scalar    |
|m_axi_mix_column_constant_matrices_V_AWVALID   | out |    1|    m_axi   |     mix_column_constant_matrices_V    |    pointer   |
|m_axi_mix_column_constant_matrices_V_AWREADY   |  in |    1|    m_axi   |     mix_column_constant_matrices_V    |    pointer   |
|m_axi_mix_column_constant_matrices_V_AWADDR    | out |   32|    m_axi   |     mix_column_constant_matrices_V    |    pointer   |
|m_axi_mix_column_constant_matrices_V_AWID      | out |    1|    m_axi   |     mix_column_constant_matrices_V    |    pointer   |
|m_axi_mix_column_constant_matrices_V_AWLEN     | out |   32|    m_axi   |     mix_column_constant_matrices_V    |    pointer   |
|m_axi_mix_column_constant_matrices_V_AWSIZE    | out |    3|    m_axi   |     mix_column_constant_matrices_V    |    pointer   |
|m_axi_mix_column_constant_matrices_V_AWBURST   | out |    2|    m_axi   |     mix_column_constant_matrices_V    |    pointer   |
|m_axi_mix_column_constant_matrices_V_AWLOCK    | out |    2|    m_axi   |     mix_column_constant_matrices_V    |    pointer   |
|m_axi_mix_column_constant_matrices_V_AWCACHE   | out |    4|    m_axi   |     mix_column_constant_matrices_V    |    pointer   |
|m_axi_mix_column_constant_matrices_V_AWPROT    | out |    3|    m_axi   |     mix_column_constant_matrices_V    |    pointer   |
|m_axi_mix_column_constant_matrices_V_AWQOS     | out |    4|    m_axi   |     mix_column_constant_matrices_V    |    pointer   |
|m_axi_mix_column_constant_matrices_V_AWREGION  | out |    4|    m_axi   |     mix_column_constant_matrices_V    |    pointer   |
|m_axi_mix_column_constant_matrices_V_AWUSER    | out |    1|    m_axi   |     mix_column_constant_matrices_V    |    pointer   |
|m_axi_mix_column_constant_matrices_V_WVALID    | out |    1|    m_axi   |     mix_column_constant_matrices_V    |    pointer   |
|m_axi_mix_column_constant_matrices_V_WREADY    |  in |    1|    m_axi   |     mix_column_constant_matrices_V    |    pointer   |
|m_axi_mix_column_constant_matrices_V_WDATA     | out |   16|    m_axi   |     mix_column_constant_matrices_V    |    pointer   |
|m_axi_mix_column_constant_matrices_V_WSTRB     | out |    2|    m_axi   |     mix_column_constant_matrices_V    |    pointer   |
|m_axi_mix_column_constant_matrices_V_WLAST     | out |    1|    m_axi   |     mix_column_constant_matrices_V    |    pointer   |
|m_axi_mix_column_constant_matrices_V_WID       | out |    1|    m_axi   |     mix_column_constant_matrices_V    |    pointer   |
|m_axi_mix_column_constant_matrices_V_WUSER     | out |    1|    m_axi   |     mix_column_constant_matrices_V    |    pointer   |
|m_axi_mix_column_constant_matrices_V_ARVALID   | out |    1|    m_axi   |     mix_column_constant_matrices_V    |    pointer   |
|m_axi_mix_column_constant_matrices_V_ARREADY   |  in |    1|    m_axi   |     mix_column_constant_matrices_V    |    pointer   |
|m_axi_mix_column_constant_matrices_V_ARADDR    | out |   32|    m_axi   |     mix_column_constant_matrices_V    |    pointer   |
|m_axi_mix_column_constant_matrices_V_ARID      | out |    1|    m_axi   |     mix_column_constant_matrices_V    |    pointer   |
|m_axi_mix_column_constant_matrices_V_ARLEN     | out |   32|    m_axi   |     mix_column_constant_matrices_V    |    pointer   |
|m_axi_mix_column_constant_matrices_V_ARSIZE    | out |    3|    m_axi   |     mix_column_constant_matrices_V    |    pointer   |
|m_axi_mix_column_constant_matrices_V_ARBURST   | out |    2|    m_axi   |     mix_column_constant_matrices_V    |    pointer   |
|m_axi_mix_column_constant_matrices_V_ARLOCK    | out |    2|    m_axi   |     mix_column_constant_matrices_V    |    pointer   |
|m_axi_mix_column_constant_matrices_V_ARCACHE   | out |    4|    m_axi   |     mix_column_constant_matrices_V    |    pointer   |
|m_axi_mix_column_constant_matrices_V_ARPROT    | out |    3|    m_axi   |     mix_column_constant_matrices_V    |    pointer   |
|m_axi_mix_column_constant_matrices_V_ARQOS     | out |    4|    m_axi   |     mix_column_constant_matrices_V    |    pointer   |
|m_axi_mix_column_constant_matrices_V_ARREGION  | out |    4|    m_axi   |     mix_column_constant_matrices_V    |    pointer   |
|m_axi_mix_column_constant_matrices_V_ARUSER    | out |    1|    m_axi   |     mix_column_constant_matrices_V    |    pointer   |
|m_axi_mix_column_constant_matrices_V_RVALID    |  in |    1|    m_axi   |     mix_column_constant_matrices_V    |    pointer   |
|m_axi_mix_column_constant_matrices_V_RREADY    | out |    1|    m_axi   |     mix_column_constant_matrices_V    |    pointer   |
|m_axi_mix_column_constant_matrices_V_RDATA     |  in |   16|    m_axi   |     mix_column_constant_matrices_V    |    pointer   |
|m_axi_mix_column_constant_matrices_V_RLAST     |  in |    1|    m_axi   |     mix_column_constant_matrices_V    |    pointer   |
|m_axi_mix_column_constant_matrices_V_RID       |  in |    1|    m_axi   |     mix_column_constant_matrices_V    |    pointer   |
|m_axi_mix_column_constant_matrices_V_RUSER     |  in |    1|    m_axi   |     mix_column_constant_matrices_V    |    pointer   |
|m_axi_mix_column_constant_matrices_V_RRESP     |  in |    2|    m_axi   |     mix_column_constant_matrices_V    |    pointer   |
|m_axi_mix_column_constant_matrices_V_BVALID    |  in |    1|    m_axi   |     mix_column_constant_matrices_V    |    pointer   |
|m_axi_mix_column_constant_matrices_V_BREADY    | out |    1|    m_axi   |     mix_column_constant_matrices_V    |    pointer   |
|m_axi_mix_column_constant_matrices_V_BRESP     |  in |    2|    m_axi   |     mix_column_constant_matrices_V    |    pointer   |
|m_axi_mix_column_constant_matrices_V_BID       |  in |    1|    m_axi   |     mix_column_constant_matrices_V    |    pointer   |
|m_axi_mix_column_constant_matrices_V_BUSER     |  in |    1|    m_axi   |     mix_column_constant_matrices_V    |    pointer   |
|mix_column_constant_matrices_V_offset          |  in |   31|   ap_none  | mix_column_constant_matrices_V_offset |    scalar    |
|m_axi_multiplication_V_AWVALID                 | out |    1|    m_axi   |            multiplication_V           |    pointer   |
|m_axi_multiplication_V_AWREADY                 |  in |    1|    m_axi   |            multiplication_V           |    pointer   |
|m_axi_multiplication_V_AWADDR                  | out |   32|    m_axi   |            multiplication_V           |    pointer   |
|m_axi_multiplication_V_AWID                    | out |    1|    m_axi   |            multiplication_V           |    pointer   |
|m_axi_multiplication_V_AWLEN                   | out |   32|    m_axi   |            multiplication_V           |    pointer   |
|m_axi_multiplication_V_AWSIZE                  | out |    3|    m_axi   |            multiplication_V           |    pointer   |
|m_axi_multiplication_V_AWBURST                 | out |    2|    m_axi   |            multiplication_V           |    pointer   |
|m_axi_multiplication_V_AWLOCK                  | out |    2|    m_axi   |            multiplication_V           |    pointer   |
|m_axi_multiplication_V_AWCACHE                 | out |    4|    m_axi   |            multiplication_V           |    pointer   |
|m_axi_multiplication_V_AWPROT                  | out |    3|    m_axi   |            multiplication_V           |    pointer   |
|m_axi_multiplication_V_AWQOS                   | out |    4|    m_axi   |            multiplication_V           |    pointer   |
|m_axi_multiplication_V_AWREGION                | out |    4|    m_axi   |            multiplication_V           |    pointer   |
|m_axi_multiplication_V_AWUSER                  | out |    1|    m_axi   |            multiplication_V           |    pointer   |
|m_axi_multiplication_V_WVALID                  | out |    1|    m_axi   |            multiplication_V           |    pointer   |
|m_axi_multiplication_V_WREADY                  |  in |    1|    m_axi   |            multiplication_V           |    pointer   |
|m_axi_multiplication_V_WDATA                   | out |   16|    m_axi   |            multiplication_V           |    pointer   |
|m_axi_multiplication_V_WSTRB                   | out |    2|    m_axi   |            multiplication_V           |    pointer   |
|m_axi_multiplication_V_WLAST                   | out |    1|    m_axi   |            multiplication_V           |    pointer   |
|m_axi_multiplication_V_WID                     | out |    1|    m_axi   |            multiplication_V           |    pointer   |
|m_axi_multiplication_V_WUSER                   | out |    1|    m_axi   |            multiplication_V           |    pointer   |
|m_axi_multiplication_V_ARVALID                 | out |    1|    m_axi   |            multiplication_V           |    pointer   |
|m_axi_multiplication_V_ARREADY                 |  in |    1|    m_axi   |            multiplication_V           |    pointer   |
|m_axi_multiplication_V_ARADDR                  | out |   32|    m_axi   |            multiplication_V           |    pointer   |
|m_axi_multiplication_V_ARID                    | out |    1|    m_axi   |            multiplication_V           |    pointer   |
|m_axi_multiplication_V_ARLEN                   | out |   32|    m_axi   |            multiplication_V           |    pointer   |
|m_axi_multiplication_V_ARSIZE                  | out |    3|    m_axi   |            multiplication_V           |    pointer   |
|m_axi_multiplication_V_ARBURST                 | out |    2|    m_axi   |            multiplication_V           |    pointer   |
|m_axi_multiplication_V_ARLOCK                  | out |    2|    m_axi   |            multiplication_V           |    pointer   |
|m_axi_multiplication_V_ARCACHE                 | out |    4|    m_axi   |            multiplication_V           |    pointer   |
|m_axi_multiplication_V_ARPROT                  | out |    3|    m_axi   |            multiplication_V           |    pointer   |
|m_axi_multiplication_V_ARQOS                   | out |    4|    m_axi   |            multiplication_V           |    pointer   |
|m_axi_multiplication_V_ARREGION                | out |    4|    m_axi   |            multiplication_V           |    pointer   |
|m_axi_multiplication_V_ARUSER                  | out |    1|    m_axi   |            multiplication_V           |    pointer   |
|m_axi_multiplication_V_RVALID                  |  in |    1|    m_axi   |            multiplication_V           |    pointer   |
|m_axi_multiplication_V_RREADY                  | out |    1|    m_axi   |            multiplication_V           |    pointer   |
|m_axi_multiplication_V_RDATA                   |  in |   16|    m_axi   |            multiplication_V           |    pointer   |
|m_axi_multiplication_V_RLAST                   |  in |    1|    m_axi   |            multiplication_V           |    pointer   |
|m_axi_multiplication_V_RID                     |  in |    1|    m_axi   |            multiplication_V           |    pointer   |
|m_axi_multiplication_V_RUSER                   |  in |    1|    m_axi   |            multiplication_V           |    pointer   |
|m_axi_multiplication_V_RRESP                   |  in |    2|    m_axi   |            multiplication_V           |    pointer   |
|m_axi_multiplication_V_BVALID                  |  in |    1|    m_axi   |            multiplication_V           |    pointer   |
|m_axi_multiplication_V_BREADY                  | out |    1|    m_axi   |            multiplication_V           |    pointer   |
|m_axi_multiplication_V_BRESP                   |  in |    2|    m_axi   |            multiplication_V           |    pointer   |
|m_axi_multiplication_V_BID                     |  in |    1|    m_axi   |            multiplication_V           |    pointer   |
|m_axi_multiplication_V_BUSER                   |  in |    1|    m_axi   |            multiplication_V           |    pointer   |
|multiplication_V_offset                        |  in |   31|   ap_none  |        multiplication_V_offset        |    scalar    |
+-----------------------------------------------+-----+-----+------------+---------------------------------------+--------------+

