

================================================================
== Vivado HLS Report for 'aes_shift_rows'
================================================================
* Date:           Sat Dec 18 12:10:20 2021

* Version:        2019.1 (Build 2552052 on Fri May 24 15:28:33 MDT 2019)
* Project:        AES-XTS
* Solution:       solution1
* Product family: zynq
* Target device:  xc7z020-clg400-1


================================================================
== Performance Estimates
================================================================
+ Timing (ns): 
    * Summary: 
    +--------+-------+----------+------------+
    |  Clock | Target| Estimated| Uncertainty|
    +--------+-------+----------+------------+
    |ap_clk  |  10.00|     5.752|        1.25|
    +--------+-------+----------+------------+

+ Latency (clock cycles): 
    * Summary: 
    +-----+-----+-----+-----+---------+
    |  Latency  |  Interval | Pipeline|
    | min | max | min | max |   Type  |
    +-----+-----+-----+-----+---------+
    |   19|   58|   19|   58|   none  |
    +-----+-----+-----+-----+---------+

    + Detail: 
        * Instance: 
        N/A

        * Loop: 
        +----------------------------+-----+-----+----------+-----------+-----------+-------+----------+
        |                            |  Latency  | Iteration|  Initiation Interval  |  Trip |          |
        |          Loop Name         | min | max |  Latency |  achieved |   target  | Count | Pipelined|
        +----------------------------+-----+-----+----------+-----------+-----------+-------+----------+
        |- aes_shift_rows_label2     |   18|   57|  6 ~ 19  |          -|          -|      3|    no    |
        | + aes_shift_rows_label2.1  |    0|    9|         3|          -|          -| 0 ~ 3 |    no    |
        | + aes_shift_rows_label2.2  |    2|    6|         2|          -|          -| 1 ~ 3 |    no    |
        | + aes_shift_rows_label2.3  |    3|    9|         3|          -|          -| 1 ~ 3 |    no    |
        | + aes_shift_rows_label2.4  |    0|    6|         2|          -|          -| 0 ~ 3 |    no    |
        +----------------------------+-----+-----+----------+-----------+-----------+-------+----------+

============================================================
+ Verbose Summary: Synthesis Manager
============================================================
InlineROM: 1
ExposeGlobal: 0
============================================================
+ Verbose Summary: CDFG Model
============================================================
IsTopModel: 0
ResetActiveHigh: 1
IsCombinational: 0
IsDatapathOnly: 0
HasWiredReturn: 1
HasMFsm: 0
HasVarLatency: 1
IsPipeline: 0
IsRtlPipelined: 0
IsInstanceOverlapped: 0
IsDontTouch: 0
HasImplIP: 0
IsGatedGlobalClock: 0


============================================================
+ Verbose Summary: Schedule
============================================================
* Number of FSM states : 12
* Pipeline : 0
* Dataflow Pipeline: 0

* FSM state transitions: 
1 --> 2 
2 --> 3 8 
3 --> 4 6 
4 --> 5 
5 --> 3 
6 --> 7 12 11 
7 --> 6 
8 --> 9 6 
9 --> 10 
10 --> 8 
11 --> 6 
12 --> 2 

* FSM state operations: 

State 1 <SV = 0> <Delay = 1.76>
ST_1 : Operation 13 [1/1] (0.00ns)   --->   "%round_factor_read = call i2 @_ssdm_op_Read.ap_auto.i2(i2 %round_factor)" [AES-XTS/main.cpp:60]   --->   Operation 13 'read' 'round_factor_read' <Predicate = true> <Delay = 0.00>
ST_1 : Operation 14 [1/1] (0.95ns)   --->   "%icmp_ln65 = icmp eq i2 %round_factor_read, 1" [AES-XTS/main.cpp:65]   --->   Operation 14 'icmp' 'icmp_ln65' <Predicate = true> <Delay = 0.95> <Core = "Cmp">   --->   Core 25 'Cmp' <Latency = 0> <II = 1> <Delay = 1.13> <FuncUnit> <Opcode : 'icmp'> <InPorts = 2> <OutPorts = 1>
ST_1 : Operation 15 [1/1] (1.76ns)   --->   "br label %1" [AES-XTS/main.cpp:62]   --->   Operation 15 'br' <Predicate = true> <Delay = 1.76>

State 2 <SV = 1> <Delay = 1.76>
ST_2 : Operation 16 [1/1] (0.00ns)   --->   "%temp_row_V_3_0 = phi i16 [ undef, %0 ], [ %temp_row_V_3_5, %aes_shift_rows_label2_end ]" [AES-XTS/main.cpp:87]   --->   Operation 16 'phi' 'temp_row_V_3_0' <Predicate = true> <Delay = 0.00>
ST_2 : Operation 17 [1/1] (0.00ns)   --->   "%temp_row_V_2_0 = phi i16 [ undef, %0 ], [ %temp_row_V_2_9, %aes_shift_rows_label2_end ]" [AES-XTS/main.cpp:82]   --->   Operation 17 'phi' 'temp_row_V_2_0' <Predicate = true> <Delay = 0.00>
ST_2 : Operation 18 [1/1] (0.00ns)   --->   "%temp_row_V_1_0 = phi i16 [ undef, %0 ], [ %temp_row_V_1_9, %aes_shift_rows_label2_end ]" [AES-XTS/main.cpp:82]   --->   Operation 18 'phi' 'temp_row_V_1_0' <Predicate = true> <Delay = 0.00>
ST_2 : Operation 19 [1/1] (0.00ns)   --->   "%temp_row_V_0_0 = phi i16 [ undef, %0 ], [ %temp_row_V_0_5, %aes_shift_rows_label2_end ]" [AES-XTS/main.cpp:82]   --->   Operation 19 'phi' 'temp_row_V_0_0' <Predicate = true> <Delay = 0.00>
ST_2 : Operation 20 [1/1] (0.00ns)   --->   "%indvars_iv20 = phi i2 [ -1, %0 ], [ %add_ln62, %aes_shift_rows_label2_end ]" [AES-XTS/main.cpp:62]   --->   Operation 20 'phi' 'indvars_iv20' <Predicate = true> <Delay = 0.00>
ST_2 : Operation 21 [1/1] (0.00ns)   --->   "%indvars_iv17 = phi i3 [ 1, %0 ], [ %row_index, %aes_shift_rows_label2_end ]"   --->   Operation 21 'phi' 'indvars_iv17' <Predicate = true> <Delay = 0.00>
ST_2 : Operation 22 [1/1] (1.13ns)   --->   "%icmp_ln62 = icmp eq i3 %indvars_iv17, -4" [AES-XTS/main.cpp:62]   --->   Operation 22 'icmp' 'icmp_ln62' <Predicate = true> <Delay = 1.13> <Core = "Cmp">   --->   Core 25 'Cmp' <Latency = 0> <II = 1> <Delay = 1.13> <FuncUnit> <Opcode : 'icmp'> <InPorts = 2> <OutPorts = 1>
ST_2 : Operation 23 [1/1] (0.00ns)   --->   "%empty = call i32 (...)* @_ssdm_op_SpecLoopTripCount(i64 3, i64 3, i64 3)"   --->   Operation 23 'speclooptripcount' 'empty' <Predicate = true> <Delay = 0.00>
ST_2 : Operation 24 [1/1] (0.00ns)   --->   "br i1 %icmp_ln62, label %6, label %aes_shift_rows_label2_begin" [AES-XTS/main.cpp:62]   --->   Operation 24 'br' <Predicate = true> <Delay = 0.00>
ST_2 : Operation 25 [1/1] (0.00ns)   --->   "call void (...)* @_ssdm_op_SpecLoopName([22 x i8]* @p_str3) nounwind" [AES-XTS/main.cpp:63]   --->   Operation 25 'specloopname' <Predicate = (!icmp_ln62)> <Delay = 0.00>
ST_2 : Operation 26 [1/1] (0.00ns)   --->   "%tmp = call i32 (...)* @_ssdm_op_SpecRegionBegin([22 x i8]* @p_str3)" [AES-XTS/main.cpp:63]   --->   Operation 26 'specregionbegin' 'tmp' <Predicate = (!icmp_ln62)> <Delay = 0.00>
ST_2 : Operation 27 [1/1] (0.00ns)   --->   "call void (...)* @_ssdm_op_SpecPipeline(i32 -1, i32 1, i32 1, i32 0, [1 x i8]* @p_str1) nounwind" [AES-XTS/main.cpp:64]   --->   Operation 27 'specpipeline' <Predicate = (!icmp_ln62)> <Delay = 0.00>
ST_2 : Operation 28 [1/1] (0.00ns)   --->   "%tmp_9 = call i5 @_ssdm_op_BitConcatenate.i5.i3.i2(i3 %indvars_iv17, i2 0)" [AES-XTS/main.cpp:69]   --->   Operation 28 'bitconcatenate' 'tmp_9' <Predicate = (!icmp_ln62)> <Delay = 0.00>
ST_2 : Operation 29 [1/1] (0.00ns)   --->   "%zext_ln180 = zext i5 %tmp_9 to i64" [AES-XTS/main.cpp:69]   --->   Operation 29 'zext' 'zext_ln180' <Predicate = (!icmp_ln62)> <Delay = 0.00>
ST_2 : Operation 30 [1/1] (0.00ns)   --->   "%zext_ln180_4 = zext i5 %tmp_9 to i6" [AES-XTS/main.cpp:94]   --->   Operation 30 'zext' 'zext_ln180_4' <Predicate = (!icmp_ln62)> <Delay = 0.00>
ST_2 : Operation 31 [1/1] (0.00ns)   --->   "%state_matrix_V_addr_5 = getelementptr [16 x i16]* %state_matrix_V, i64 0, i64 %zext_ln180" [AES-XTS/main.cpp:94]   --->   Operation 31 'getelementptr' 'state_matrix_V_addr_5' <Predicate = (!icmp_ln62)> <Delay = 0.00>
ST_2 : Operation 32 [1/1] (0.00ns)   --->   "%or_ln180 = or i5 %tmp_9, 1" [AES-XTS/main.cpp:94]   --->   Operation 32 'or' 'or_ln180' <Predicate = (!icmp_ln62)> <Delay = 0.00>
ST_2 : Operation 33 [1/1] (0.00ns)   --->   "%tmp_s = call i64 @_ssdm_op_BitConcatenate.i64.i59.i5(i59 0, i5 %or_ln180)" [AES-XTS/main.cpp:94]   --->   Operation 33 'bitconcatenate' 'tmp_s' <Predicate = (!icmp_ln62)> <Delay = 0.00>
ST_2 : Operation 34 [1/1] (0.00ns)   --->   "%state_matrix_V_addr_6 = getelementptr [16 x i16]* %state_matrix_V, i64 0, i64 %tmp_s" [AES-XTS/main.cpp:94]   --->   Operation 34 'getelementptr' 'state_matrix_V_addr_6' <Predicate = (!icmp_ln62)> <Delay = 0.00>
ST_2 : Operation 35 [1/1] (0.00ns)   --->   "%or_ln180_1 = or i5 %tmp_9, 2" [AES-XTS/main.cpp:94]   --->   Operation 35 'or' 'or_ln180_1' <Predicate = (!icmp_ln62)> <Delay = 0.00>
ST_2 : Operation 36 [1/1] (0.00ns)   --->   "%tmp_1 = call i64 @_ssdm_op_BitConcatenate.i64.i59.i5(i59 0, i5 %or_ln180_1)" [AES-XTS/main.cpp:94]   --->   Operation 36 'bitconcatenate' 'tmp_1' <Predicate = (!icmp_ln62)> <Delay = 0.00>
ST_2 : Operation 37 [1/1] (0.00ns)   --->   "%state_matrix_V_addr_7 = getelementptr [16 x i16]* %state_matrix_V, i64 0, i64 %tmp_1" [AES-XTS/main.cpp:94]   --->   Operation 37 'getelementptr' 'state_matrix_V_addr_7' <Predicate = (!icmp_ln62)> <Delay = 0.00>
ST_2 : Operation 38 [1/1] (0.00ns)   --->   "%or_ln180_2 = or i5 %tmp_9, 3" [AES-XTS/main.cpp:94]   --->   Operation 38 'or' 'or_ln180_2' <Predicate = (!icmp_ln62)> <Delay = 0.00>
ST_2 : Operation 39 [1/1] (0.00ns)   --->   "%tmp_2 = call i64 @_ssdm_op_BitConcatenate.i64.i59.i5(i59 0, i5 %or_ln180_2)" [AES-XTS/main.cpp:94]   --->   Operation 39 'bitconcatenate' 'tmp_2' <Predicate = (!icmp_ln62)> <Delay = 0.00>
ST_2 : Operation 40 [1/1] (0.00ns)   --->   "%state_matrix_V_addr_8 = getelementptr [16 x i16]* %state_matrix_V, i64 0, i64 %tmp_2" [AES-XTS/main.cpp:94]   --->   Operation 40 'getelementptr' 'state_matrix_V_addr_8' <Predicate = (!icmp_ln62)> <Delay = 0.00>
ST_2 : Operation 41 [1/1] (0.00ns)   --->   "br i1 %icmp_ln65, label %.preheader27.preheader, label %.preheader24.preheader" [AES-XTS/main.cpp:65]   --->   Operation 41 'br' <Predicate = (!icmp_ln62)> <Delay = 0.00>
ST_2 : Operation 42 [1/1] (1.65ns)   --->   "%sub_ln82 = sub i3 -4, %indvars_iv17" [AES-XTS/main.cpp:82]   --->   Operation 42 'sub' 'sub_ln82' <Predicate = (!icmp_ln62 & !icmp_ln65)> <Delay = 1.65> <Core = "AddSub">   --->   Core 14 'AddSub' <Latency = 0> <II = 1> <Delay = 1.56> <FuncUnit> <Opcode : 'add' 'sub'> <InPorts = 2> <OutPorts = 1>
ST_2 : Operation 43 [1/1] (1.76ns)   --->   "br label %.preheader24" [AES-XTS/main.cpp:80]   --->   Operation 43 'br' <Predicate = (!icmp_ln62 & !icmp_ln65)> <Delay = 1.76>
ST_2 : Operation 44 [1/1] (1.76ns)   --->   "br label %.preheader27" [AES-XTS/main.cpp:67]   --->   Operation 44 'br' <Predicate = (!icmp_ln62 & icmp_ln65)> <Delay = 1.76>
ST_2 : Operation 45 [1/1] (0.00ns)   --->   "ret void" [AES-XTS/main.cpp:99]   --->   Operation 45 'ret' <Predicate = (icmp_ln62)> <Delay = 0.00>

State 3 <SV = 2> <Delay = 5.75>
ST_3 : Operation 46 [1/1] (0.00ns)   --->   "%temp_row_V_2_5 = phi i16 [ %temp_row_V_2_0, %.preheader24.preheader ], [ %temp_row_V_2_5_be, %.preheader24.backedge ]" [AES-XTS/main.cpp:87]   --->   Operation 46 'phi' 'temp_row_V_2_5' <Predicate = true> <Delay = 0.00>
ST_3 : Operation 47 [1/1] (0.00ns)   --->   "%temp_row_V_1_5 = phi i16 [ %temp_row_V_1_0, %.preheader24.preheader ], [ %temp_row_V_1_5_be, %.preheader24.backedge ]" [AES-XTS/main.cpp:87]   --->   Operation 47 'phi' 'temp_row_V_1_5' <Predicate = true> <Delay = 0.00>
ST_3 : Operation 48 [1/1] (0.00ns)   --->   "%temp_row_V_0_3 = phi i16 [ %temp_row_V_0_0, %.preheader24.preheader ], [ %temp_row_V_0_3_be, %.preheader24.backedge ]" [AES-XTS/main.cpp:69]   --->   Operation 48 'phi' 'temp_row_V_0_3' <Predicate = true> <Delay = 0.00>
ST_3 : Operation 49 [1/1] (0.00ns)   --->   "%idx_subscript3_0 = phi i2 [ 0, %.preheader24.preheader ], [ %idx_subscript3, %.preheader24.backedge ]"   --->   Operation 49 'phi' 'idx_subscript3_0' <Predicate = true> <Delay = 0.00>
ST_3 : Operation 50 [1/1] (0.00ns)   --->   "%zext_ln80 = zext i2 %idx_subscript3_0 to i3" [AES-XTS/main.cpp:80]   --->   Operation 50 'zext' 'zext_ln80' <Predicate = true> <Delay = 0.00>
ST_3 : Operation 51 [1/1] (1.13ns)   --->   "%icmp_ln80 = icmp eq i3 %zext_ln80, %indvars_iv17" [AES-XTS/main.cpp:80]   --->   Operation 51 'icmp' 'icmp_ln80' <Predicate = true> <Delay = 1.13> <Core = "Cmp">   --->   Core 25 'Cmp' <Latency = 0> <II = 1> <Delay = 1.13> <FuncUnit> <Opcode : 'icmp'> <InPorts = 2> <OutPorts = 1>
ST_3 : Operation 52 [1/1] (0.00ns)   --->   "%empty_15 = call i32 (...)* @_ssdm_op_SpecLoopTripCount(i64 1, i64 3, i64 0)"   --->   Operation 52 'speclooptripcount' 'empty_15' <Predicate = true> <Delay = 0.00>
ST_3 : Operation 53 [1/1] (1.56ns)   --->   "%idx_subscript3 = add i2 %idx_subscript3_0, 1" [AES-XTS/main.cpp:80]   --->   Operation 53 'add' 'idx_subscript3' <Predicate = true> <Delay = 1.56> <Core = "AddSub">   --->   Core 14 'AddSub' <Latency = 0> <II = 1> <Delay = 1.56> <FuncUnit> <Opcode : 'add' 'sub'> <InPorts = 2> <OutPorts = 1>
ST_3 : Operation 54 [1/1] (0.00ns)   --->   "br i1 %icmp_ln80, label %.preheader.preheader, label %4" [AES-XTS/main.cpp:80]   --->   Operation 54 'br' <Predicate = true> <Delay = 0.00>
ST_3 : Operation 55 [1/1] (1.65ns)   --->   "%add_ln82 = add i3 %sub_ln82, %zext_ln80" [AES-XTS/main.cpp:82]   --->   Operation 55 'add' 'add_ln82' <Predicate = (!icmp_ln80)> <Delay = 1.65> <Core = "AddSub">   --->   Core 14 'AddSub' <Latency = 0> <II = 1> <Delay = 1.56> <FuncUnit> <Opcode : 'add' 'sub'> <InPorts = 2> <OutPorts = 1>
ST_3 : Operation 56 [1/1] (0.00ns)   --->   "%zext_ln180_7 = zext i3 %add_ln82 to i6" [AES-XTS/main.cpp:82]   --->   Operation 56 'zext' 'zext_ln180_7' <Predicate = (!icmp_ln80)> <Delay = 0.00>
ST_3 : Operation 57 [1/1] (1.78ns)   --->   "%add_ln180_2 = add i6 %zext_ln180_4, %zext_ln180_7" [AES-XTS/main.cpp:82]   --->   Operation 57 'add' 'add_ln180_2' <Predicate = (!icmp_ln80)> <Delay = 1.78> <Core = "AddSub">   --->   Core 14 'AddSub' <Latency = 0> <II = 1> <Delay = 1.56> <FuncUnit> <Opcode : 'add' 'sub'> <InPorts = 2> <OutPorts = 1>
ST_3 : Operation 58 [1/1] (0.00ns)   --->   "%zext_ln180_8 = zext i6 %add_ln180_2 to i64" [AES-XTS/main.cpp:82]   --->   Operation 58 'zext' 'zext_ln180_8' <Predicate = (!icmp_ln80)> <Delay = 0.00>
ST_3 : Operation 59 [1/1] (0.00ns)   --->   "%state_matrix_V_addr_4 = getelementptr [16 x i16]* %state_matrix_V, i64 0, i64 %zext_ln180_8" [AES-XTS/main.cpp:82]   --->   Operation 59 'getelementptr' 'state_matrix_V_addr_4' <Predicate = (!icmp_ln80)> <Delay = 0.00>
ST_3 : Operation 60 [2/2] (2.32ns)   --->   "%temp_row_0_V_2 = load i16* %state_matrix_V_addr_4, align 2" [AES-XTS/main.cpp:82]   --->   Operation 60 'load' 'temp_row_0_V_2' <Predicate = (!icmp_ln80)> <Delay = 2.32> <Core = "RAM">   --->   Core 37 'RAM' <Latency = 1> <II = 1> <Delay = 2.32> <Storage> <Opcode : 'load' 'store'> <Ports = 2> <Width = 16> <Depth = 16> <RAM>
ST_3 : Operation 61 [1/1] (0.00ns)   --->   "%trunc_ln87 = trunc i3 %indvars_iv17 to i2" [AES-XTS/main.cpp:87]   --->   Operation 61 'trunc' 'trunc_ln87' <Predicate = (icmp_ln80)> <Delay = 0.00>
ST_3 : Operation 62 [1/1] (1.76ns)   --->   "br label %.preheader" [AES-XTS/main.cpp:85]   --->   Operation 62 'br' <Predicate = (icmp_ln80)> <Delay = 1.76>

State 4 <SV = 3> <Delay = 2.32>
ST_4 : Operation 63 [1/2] (2.32ns)   --->   "%temp_row_0_V_2 = load i16* %state_matrix_V_addr_4, align 2" [AES-XTS/main.cpp:82]   --->   Operation 63 'load' 'temp_row_0_V_2' <Predicate = true> <Delay = 2.32> <Core = "RAM">   --->   Core 37 'RAM' <Latency = 1> <II = 1> <Delay = 2.32> <Storage> <Opcode : 'load' 'store'> <Ports = 2> <Width = 16> <Depth = 16> <RAM>
ST_4 : Operation 64 [1/1] (1.76ns)   --->   "switch i2 %idx_subscript3_0, label %branch6 [
    i2 0, label %.preheader24.backedge
    i2 1, label %branch5
  ]" [AES-XTS/main.cpp:82]   --->   Operation 64 'switch' <Predicate = true> <Delay = 1.76>
ST_4 : Operation 65 [1/1] (1.76ns)   --->   "br label %.preheader24.backedge" [AES-XTS/main.cpp:82]   --->   Operation 65 'br' <Predicate = (idx_subscript3_0 == 1)> <Delay = 1.76>
ST_4 : Operation 66 [1/1] (1.76ns)   --->   "br label %.preheader24.backedge" [AES-XTS/main.cpp:82]   --->   Operation 66 'br' <Predicate = (idx_subscript3_0 != 0 & idx_subscript3_0 != 1)> <Delay = 1.76>

State 5 <SV = 4> <Delay = 0.00>
ST_5 : Operation 67 [1/1] (0.00ns)   --->   "%temp_row_V_2_5_be = phi i16 [ %temp_row_0_V_2, %branch6 ], [ %temp_row_V_2_5, %branch5 ], [ %temp_row_V_2_5, %4 ]"   --->   Operation 67 'phi' 'temp_row_V_2_5_be' <Predicate = true> <Delay = 0.00>
ST_5 : Operation 68 [1/1] (0.00ns)   --->   "%temp_row_V_1_5_be = phi i16 [ %temp_row_V_1_5, %branch6 ], [ %temp_row_0_V_2, %branch5 ], [ %temp_row_V_1_5, %4 ]"   --->   Operation 68 'phi' 'temp_row_V_1_5_be' <Predicate = true> <Delay = 0.00>
ST_5 : Operation 69 [1/1] (0.00ns)   --->   "%temp_row_V_0_3_be = phi i16 [ %temp_row_V_0_3, %branch6 ], [ %temp_row_V_0_3, %branch5 ], [ %temp_row_0_V_2, %4 ]"   --->   Operation 69 'phi' 'temp_row_V_0_3_be' <Predicate = true> <Delay = 0.00>
ST_5 : Operation 70 [1/1] (0.00ns)   --->   "br label %.preheader24"   --->   Operation 70 'br' <Predicate = true> <Delay = 0.00>

State 6 <SV = 3> <Delay = 4.09>
ST_6 : Operation 71 [1/1] (0.00ns)   --->   "%temp_row_V_3_3 = phi i16 [ %temp_row_V_3_0, %.preheader.preheader ], [ %temp_row_V_3_3_be, %.preheader.backedge ]" [AES-XTS/main.cpp:74]   --->   Operation 71 'phi' 'temp_row_V_3_3' <Predicate = (!icmp_ln65)> <Delay = 0.00>
ST_6 : Operation 72 [1/1] (0.00ns)   --->   "%temp_row_V_2_7 = phi i16 [ %temp_row_V_2_5, %.preheader.preheader ], [ %temp_row_V_2_7_be, %.preheader.backedge ]" [AES-XTS/main.cpp:69]   --->   Operation 72 'phi' 'temp_row_V_2_7' <Predicate = (!icmp_ln65)> <Delay = 0.00>
ST_6 : Operation 73 [1/1] (0.00ns)   --->   "%temp_row_V_1_7 = phi i16 [ %temp_row_V_1_5, %.preheader.preheader ], [ %temp_row_V_1_7_be, %.preheader.backedge ]" [AES-XTS/main.cpp:69]   --->   Operation 73 'phi' 'temp_row_V_1_7' <Predicate = (!icmp_ln65)> <Delay = 0.00>
ST_6 : Operation 74 [1/1] (0.00ns)   --->   "%idx_subscript4_0 = phi i2 [ 0, %.preheader.preheader ], [ %idx_subscript4, %.preheader.backedge ]"   --->   Operation 74 'phi' 'idx_subscript4_0' <Predicate = (!icmp_ln65)> <Delay = 0.00>
ST_6 : Operation 75 [1/1] (0.95ns)   --->   "%icmp_ln85 = icmp eq i2 %idx_subscript4_0, %indvars_iv20" [AES-XTS/main.cpp:85]   --->   Operation 75 'icmp' 'icmp_ln85' <Predicate = (!icmp_ln65)> <Delay = 0.95> <Core = "Cmp">   --->   Core 25 'Cmp' <Latency = 0> <II = 1> <Delay = 1.13> <FuncUnit> <Opcode : 'icmp'> <InPorts = 2> <OutPorts = 1>
ST_6 : Operation 76 [1/1] (0.00ns)   --->   "%empty_16 = call i32 (...)* @_ssdm_op_SpecLoopTripCount(i64 0, i64 3, i64 0)"   --->   Operation 76 'speclooptripcount' 'empty_16' <Predicate = (!icmp_ln65)> <Delay = 0.00>
ST_6 : Operation 77 [1/1] (1.56ns)   --->   "%idx_subscript4 = add i2 %idx_subscript4_0, 1" [AES-XTS/main.cpp:85]   --->   Operation 77 'add' 'idx_subscript4' <Predicate = (!icmp_ln65)> <Delay = 1.56> <Core = "AddSub">   --->   Core 14 'AddSub' <Latency = 0> <II = 1> <Delay = 1.56> <FuncUnit> <Opcode : 'add' 'sub'> <InPorts = 2> <OutPorts = 1>
ST_6 : Operation 78 [1/1] (0.00ns)   --->   "br i1 %icmp_ln85, label %aes_shift_rows_label2_end.loopexit, label %5" [AES-XTS/main.cpp:85]   --->   Operation 78 'br' <Predicate = (!icmp_ln65)> <Delay = 0.00>
ST_6 : Operation 79 [1/1] (0.00ns)   --->   "%tmp_4 = call i5 @_ssdm_op_BitConcatenate.i5.i3.i2(i3 %indvars_iv17, i2 %idx_subscript4_0)" [AES-XTS/main.cpp:87]   --->   Operation 79 'bitconcatenate' 'tmp_4' <Predicate = (!icmp_ln65 & !icmp_ln85)> <Delay = 0.00>
ST_6 : Operation 80 [1/1] (0.00ns)   --->   "%zext_ln180_3 = zext i5 %tmp_4 to i64" [AES-XTS/main.cpp:87]   --->   Operation 80 'zext' 'zext_ln180_3' <Predicate = (!icmp_ln65 & !icmp_ln85)> <Delay = 0.00>
ST_6 : Operation 81 [1/1] (0.00ns)   --->   "%state_matrix_V_addr_10 = getelementptr [16 x i16]* %state_matrix_V, i64 0, i64 %zext_ln180_3" [AES-XTS/main.cpp:87]   --->   Operation 81 'getelementptr' 'state_matrix_V_addr_10' <Predicate = (!icmp_ln65 & !icmp_ln85)> <Delay = 0.00>
ST_6 : Operation 82 [2/2] (2.32ns)   --->   "%temp_row_1_V_4 = load i16* %state_matrix_V_addr_10, align 2" [AES-XTS/main.cpp:87]   --->   Operation 82 'load' 'temp_row_1_V_4' <Predicate = (!icmp_ln65 & !icmp_ln85)> <Delay = 2.32> <Core = "RAM">   --->   Core 37 'RAM' <Latency = 1> <II = 1> <Delay = 2.32> <Storage> <Opcode : 'load' 'store'> <Ports = 2> <Width = 16> <Depth = 16> <RAM>
ST_6 : Operation 83 [1/1] (1.56ns)   --->   "%add_ln180 = add i2 %trunc_ln87, %idx_subscript4_0" [AES-XTS/main.cpp:87]   --->   Operation 83 'add' 'add_ln180' <Predicate = (!icmp_ln65 & !icmp_ln85)> <Delay = 1.56> <Core = "AddSub">   --->   Core 14 'AddSub' <Latency = 0> <II = 1> <Delay = 1.56> <FuncUnit> <Opcode : 'add' 'sub'> <InPorts = 2> <OutPorts = 1>
ST_6 : Operation 84 [1/1] (1.76ns)   --->   "br label %aes_shift_rows_label2_end"   --->   Operation 84 'br' <Predicate = (!icmp_ln65 & icmp_ln85)> <Delay = 1.76>
ST_6 : Operation 85 [1/1] (0.00ns)   --->   "%temp_row_V_3_1 = phi i16 [ %temp_row_V_3_0, %.preheader25.preheader ], [ %temp_row_V_3_1_be, %.preheader25.backedge ]" [AES-XTS/main.cpp:87]   --->   Operation 85 'phi' 'temp_row_V_3_1' <Predicate = (icmp_ln65)> <Delay = 0.00>
ST_6 : Operation 86 [1/1] (0.00ns)   --->   "%temp_row_V_2_3 = phi i16 [ %temp_row_V_2_1, %.preheader25.preheader ], [ %temp_row_V_2_3_be, %.preheader25.backedge ]" [AES-XTS/main.cpp:82]   --->   Operation 86 'phi' 'temp_row_V_2_3' <Predicate = (icmp_ln65)> <Delay = 0.00>
ST_6 : Operation 87 [1/1] (0.00ns)   --->   "%temp_row_V_1_3 = phi i16 [ %temp_row_V_1_1, %.preheader25.preheader ], [ %temp_row_V_1_3_be, %.preheader25.backedge ]" [AES-XTS/main.cpp:82]   --->   Operation 87 'phi' 'temp_row_V_1_3' <Predicate = (icmp_ln65)> <Delay = 0.00>
ST_6 : Operation 88 [1/1] (0.00ns)   --->   "%idx_subscript2_0 = phi i2 [ 0, %.preheader25.preheader ], [ %idx_subscript2, %.preheader25.backedge ]"   --->   Operation 88 'phi' 'idx_subscript2_0' <Predicate = (icmp_ln65)> <Delay = 0.00>
ST_6 : Operation 89 [1/1] (0.00ns)   --->   "%zext_ln72 = zext i2 %idx_subscript2_0 to i3" [AES-XTS/main.cpp:72]   --->   Operation 89 'zext' 'zext_ln72' <Predicate = (icmp_ln65)> <Delay = 0.00>
ST_6 : Operation 90 [1/1] (1.13ns)   --->   "%icmp_ln72 = icmp eq i3 %zext_ln72, %indvars_iv17" [AES-XTS/main.cpp:72]   --->   Operation 90 'icmp' 'icmp_ln72' <Predicate = (icmp_ln65)> <Delay = 1.13> <Core = "Cmp">   --->   Core 25 'Cmp' <Latency = 0> <II = 1> <Delay = 1.13> <FuncUnit> <Opcode : 'icmp'> <InPorts = 2> <OutPorts = 1>
ST_6 : Operation 91 [1/1] (0.00ns)   --->   "%empty_14 = call i32 (...)* @_ssdm_op_SpecLoopTripCount(i64 1, i64 3, i64 0)"   --->   Operation 91 'speclooptripcount' 'empty_14' <Predicate = (icmp_ln65)> <Delay = 0.00>
ST_6 : Operation 92 [1/1] (1.56ns)   --->   "%idx_subscript2 = add i2 %idx_subscript2_0, 1" [AES-XTS/main.cpp:72]   --->   Operation 92 'add' 'idx_subscript2' <Predicate = (icmp_ln65)> <Delay = 1.56> <Core = "AddSub">   --->   Core 14 'AddSub' <Latency = 0> <II = 1> <Delay = 1.56> <FuncUnit> <Opcode : 'add' 'sub'> <InPorts = 2> <OutPorts = 1>
ST_6 : Operation 93 [1/1] (0.00ns)   --->   "br i1 %icmp_ln72, label %aes_shift_rows_label2_end.loopexit93, label %3" [AES-XTS/main.cpp:72]   --->   Operation 93 'br' <Predicate = (icmp_ln65)> <Delay = 0.00>
ST_6 : Operation 94 [1/1] (0.00ns)   --->   "%tmp_3 = call i5 @_ssdm_op_BitConcatenate.i5.i3.i2(i3 %indvars_iv17, i2 %idx_subscript2_0)" [AES-XTS/main.cpp:74]   --->   Operation 94 'bitconcatenate' 'tmp_3' <Predicate = (icmp_ln65 & !icmp_ln72)> <Delay = 0.00>
ST_6 : Operation 95 [1/1] (0.00ns)   --->   "%zext_ln180_2 = zext i5 %tmp_3 to i64" [AES-XTS/main.cpp:74]   --->   Operation 95 'zext' 'zext_ln180_2' <Predicate = (icmp_ln65 & !icmp_ln72)> <Delay = 0.00>
ST_6 : Operation 96 [1/1] (0.00ns)   --->   "%state_matrix_V_addr_9 = getelementptr [16 x i16]* %state_matrix_V, i64 0, i64 %zext_ln180_2" [AES-XTS/main.cpp:74]   --->   Operation 96 'getelementptr' 'state_matrix_V_addr_9' <Predicate = (icmp_ln65 & !icmp_ln72)> <Delay = 0.00>
ST_6 : Operation 97 [2/2] (2.32ns)   --->   "%temp_row_1_V = load i16* %state_matrix_V_addr_9, align 2" [AES-XTS/main.cpp:74]   --->   Operation 97 'load' 'temp_row_1_V' <Predicate = (icmp_ln65 & !icmp_ln72)> <Delay = 2.32> <Core = "RAM">   --->   Core 37 'RAM' <Latency = 1> <II = 1> <Delay = 2.32> <Storage> <Opcode : 'load' 'store'> <Ports = 2> <Width = 16> <Depth = 16> <RAM>
ST_6 : Operation 98 [1/1] (1.56ns)   --->   "%sub_ln180 = sub i2 %idx_subscript2_0, %trunc_ln74" [AES-XTS/main.cpp:74]   --->   Operation 98 'sub' 'sub_ln180' <Predicate = (icmp_ln65 & !icmp_ln72)> <Delay = 1.56> <Core = "AddSub">   --->   Core 14 'AddSub' <Latency = 0> <II = 1> <Delay = 1.56> <FuncUnit> <Opcode : 'add' 'sub'> <InPorts = 2> <OutPorts = 1>
ST_6 : Operation 99 [1/1] (1.76ns)   --->   "br label %aes_shift_rows_label2_end"   --->   Operation 99 'br' <Predicate = (icmp_ln65 & icmp_ln72)> <Delay = 1.76>
ST_6 : Operation 100 [1/1] (0.00ns)   --->   "%temp_row_V_1_9 = phi i16 [ %temp_row_V_1_7, %aes_shift_rows_label2_end.loopexit ], [ %temp_row_V_1_3, %aes_shift_rows_label2_end.loopexit93 ]" [AES-XTS/main.cpp:82]   --->   Operation 100 'phi' 'temp_row_V_1_9' <Predicate = (icmp_ln65 & icmp_ln72) | (!icmp_ln65 & icmp_ln85)> <Delay = 0.00>
ST_6 : Operation 101 [1/1] (0.00ns)   --->   "%temp_row_V_0_5 = phi i16 [ %temp_row_V_0_3, %aes_shift_rows_label2_end.loopexit ], [ %temp_row_V_0_1, %aes_shift_rows_label2_end.loopexit93 ]" [AES-XTS/main.cpp:82]   --->   Operation 101 'phi' 'temp_row_V_0_5' <Predicate = (icmp_ln65 & icmp_ln72) | (!icmp_ln65 & icmp_ln85)> <Delay = 0.00>
ST_6 : Operation 102 [1/1] (2.32ns)   --->   "store i16 %temp_row_V_0_5, i16* %state_matrix_V_addr_5, align 2" [AES-XTS/main.cpp:94]   --->   Operation 102 'store' <Predicate = (icmp_ln65 & icmp_ln72) | (!icmp_ln65 & icmp_ln85)> <Delay = 2.32> <Core = "RAM">   --->   Core 37 'RAM' <Latency = 1> <II = 1> <Delay = 2.32> <Storage> <Opcode : 'load' 'store'> <Ports = 2> <Width = 16> <Depth = 16> <RAM>
ST_6 : Operation 103 [1/1] (2.32ns)   --->   "store i16 %temp_row_V_1_9, i16* %state_matrix_V_addr_6, align 2" [AES-XTS/main.cpp:94]   --->   Operation 103 'store' <Predicate = (icmp_ln65 & icmp_ln72) | (!icmp_ln65 & icmp_ln85)> <Delay = 2.32> <Core = "RAM">   --->   Core 37 'RAM' <Latency = 1> <II = 1> <Delay = 2.32> <Storage> <Opcode : 'load' 'store'> <Ports = 2> <Width = 16> <Depth = 16> <RAM>
ST_6 : Operation 104 [1/1] (1.65ns)   --->   "%row_index = add i3 %indvars_iv17, 1" [AES-XTS/main.cpp:62]   --->   Operation 104 'add' 'row_index' <Predicate = (icmp_ln65 & icmp_ln72) | (!icmp_ln65 & icmp_ln85)> <Delay = 1.65> <Core = "AddSub">   --->   Core 14 'AddSub' <Latency = 0> <II = 1> <Delay = 1.56> <FuncUnit> <Opcode : 'add' 'sub'> <InPorts = 2> <OutPorts = 1>
ST_6 : Operation 105 [1/1] (1.56ns)   --->   "%add_ln62 = add i2 %indvars_iv20, -1" [AES-XTS/main.cpp:62]   --->   Operation 105 'add' 'add_ln62' <Predicate = (icmp_ln65 & icmp_ln72) | (!icmp_ln65 & icmp_ln85)> <Delay = 1.56> <Core = "AddSub">   --->   Core 14 'AddSub' <Latency = 0> <II = 1> <Delay = 1.56> <FuncUnit> <Opcode : 'add' 'sub'> <InPorts = 2> <OutPorts = 1>

State 7 <SV = 4> <Delay = 4.09>
ST_7 : Operation 106 [1/2] (2.32ns)   --->   "%temp_row_1_V_4 = load i16* %state_matrix_V_addr_10, align 2" [AES-XTS/main.cpp:87]   --->   Operation 106 'load' 'temp_row_1_V_4' <Predicate = true> <Delay = 2.32> <Core = "RAM">   --->   Core 37 'RAM' <Latency = 1> <II = 1> <Delay = 2.32> <Storage> <Opcode : 'load' 'store'> <Ports = 2> <Width = 16> <Depth = 16> <RAM>
ST_7 : Operation 107 [1/1] (1.76ns)   --->   "switch i2 %add_ln180, label %branch3 [
    i2 1, label %.preheader.backedge
    i2 -2, label %branch2
  ]" [AES-XTS/main.cpp:87]   --->   Operation 107 'switch' <Predicate = true> <Delay = 1.76>
ST_7 : Operation 108 [1/1] (1.76ns)   --->   "br label %.preheader.backedge" [AES-XTS/main.cpp:87]   --->   Operation 108 'br' <Predicate = (add_ln180 == 2)> <Delay = 1.76>
ST_7 : Operation 109 [1/1] (1.76ns)   --->   "br label %.preheader.backedge" [AES-XTS/main.cpp:87]   --->   Operation 109 'br' <Predicate = (add_ln180 != 1 & add_ln180 != 2)> <Delay = 1.76>
ST_7 : Operation 110 [1/1] (0.00ns)   --->   "%temp_row_V_3_3_be = phi i16 [ %temp_row_1_V_4, %branch3 ], [ %temp_row_V_3_3, %branch2 ], [ %temp_row_V_3_3, %5 ]"   --->   Operation 110 'phi' 'temp_row_V_3_3_be' <Predicate = true> <Delay = 0.00>
ST_7 : Operation 111 [1/1] (0.00ns)   --->   "%temp_row_V_2_7_be = phi i16 [ %temp_row_V_2_7, %branch3 ], [ %temp_row_1_V_4, %branch2 ], [ %temp_row_V_2_7, %5 ]"   --->   Operation 111 'phi' 'temp_row_V_2_7_be' <Predicate = true> <Delay = 0.00>
ST_7 : Operation 112 [1/1] (0.00ns)   --->   "%temp_row_V_1_7_be = phi i16 [ %temp_row_V_1_7, %branch3 ], [ %temp_row_V_1_7, %branch2 ], [ %temp_row_1_V_4, %5 ]"   --->   Operation 112 'phi' 'temp_row_V_1_7_be' <Predicate = true> <Delay = 0.00>
ST_7 : Operation 113 [1/1] (0.00ns)   --->   "br label %.preheader"   --->   Operation 113 'br' <Predicate = true> <Delay = 0.00>

State 8 <SV = 2> <Delay = 5.75>
ST_8 : Operation 114 [1/1] (0.00ns)   --->   "%temp_row_V_2_1 = phi i16 [ %temp_row_V_2_0, %.preheader27.preheader ], [ %temp_row_V_2_1_be, %.preheader27.backedge ]" [AES-XTS/main.cpp:82]   --->   Operation 114 'phi' 'temp_row_V_2_1' <Predicate = true> <Delay = 0.00>
ST_8 : Operation 115 [1/1] (0.00ns)   --->   "%temp_row_V_1_1 = phi i16 [ %temp_row_V_1_0, %.preheader27.preheader ], [ %temp_row_V_1_1_be, %.preheader27.backedge ]" [AES-XTS/main.cpp:82]   --->   Operation 115 'phi' 'temp_row_V_1_1' <Predicate = true> <Delay = 0.00>
ST_8 : Operation 116 [1/1] (0.00ns)   --->   "%temp_row_V_0_1 = phi i16 [ %temp_row_V_0_0, %.preheader27.preheader ], [ %temp_row_V_0_1_be, %.preheader27.backedge ]" [AES-XTS/main.cpp:82]   --->   Operation 116 'phi' 'temp_row_V_0_1' <Predicate = true> <Delay = 0.00>
ST_8 : Operation 117 [1/1] (0.00ns)   --->   "%idx_subscript_0 = phi i2 [ 0, %.preheader27.preheader ], [ %idx_subscript, %.preheader27.backedge ]"   --->   Operation 117 'phi' 'idx_subscript_0' <Predicate = true> <Delay = 0.00>
ST_8 : Operation 118 [1/1] (0.00ns)   --->   "%zext_ln67 = zext i2 %idx_subscript_0 to i3" [AES-XTS/main.cpp:67]   --->   Operation 118 'zext' 'zext_ln67' <Predicate = true> <Delay = 0.00>
ST_8 : Operation 119 [1/1] (0.95ns)   --->   "%icmp_ln67 = icmp eq i2 %idx_subscript_0, %indvars_iv20" [AES-XTS/main.cpp:67]   --->   Operation 119 'icmp' 'icmp_ln67' <Predicate = true> <Delay = 0.95> <Core = "Cmp">   --->   Core 25 'Cmp' <Latency = 0> <II = 1> <Delay = 1.13> <FuncUnit> <Opcode : 'icmp'> <InPorts = 2> <OutPorts = 1>
ST_8 : Operation 120 [1/1] (0.00ns)   --->   "%empty_13 = call i32 (...)* @_ssdm_op_SpecLoopTripCount(i64 0, i64 3, i64 0)"   --->   Operation 120 'speclooptripcount' 'empty_13' <Predicate = true> <Delay = 0.00>
ST_8 : Operation 121 [1/1] (1.56ns)   --->   "%idx_subscript = add i2 %idx_subscript_0, 1" [AES-XTS/main.cpp:67]   --->   Operation 121 'add' 'idx_subscript' <Predicate = true> <Delay = 1.56> <Core = "AddSub">   --->   Core 14 'AddSub' <Latency = 0> <II = 1> <Delay = 1.56> <FuncUnit> <Opcode : 'add' 'sub'> <InPorts = 2> <OutPorts = 1>
ST_8 : Operation 122 [1/1] (0.00ns)   --->   "br i1 %icmp_ln67, label %.preheader25.preheader, label %2" [AES-XTS/main.cpp:67]   --->   Operation 122 'br' <Predicate = true> <Delay = 0.00>
ST_8 : Operation 123 [1/1] (1.65ns)   --->   "%add_ln69 = add i3 %zext_ln67, %indvars_iv17" [AES-XTS/main.cpp:69]   --->   Operation 123 'add' 'add_ln69' <Predicate = (!icmp_ln67)> <Delay = 1.65> <Core = "AddSub">   --->   Core 14 'AddSub' <Latency = 0> <II = 1> <Delay = 1.56> <FuncUnit> <Opcode : 'add' 'sub'> <InPorts = 2> <OutPorts = 1>
ST_8 : Operation 124 [1/1] (0.00ns)   --->   "%zext_ln180_5 = zext i3 %add_ln69 to i6" [AES-XTS/main.cpp:69]   --->   Operation 124 'zext' 'zext_ln180_5' <Predicate = (!icmp_ln67)> <Delay = 0.00>
ST_8 : Operation 125 [1/1] (1.78ns)   --->   "%add_ln180_1 = add i6 %zext_ln180_4, %zext_ln180_5" [AES-XTS/main.cpp:69]   --->   Operation 125 'add' 'add_ln180_1' <Predicate = (!icmp_ln67)> <Delay = 1.78> <Core = "AddSub">   --->   Core 14 'AddSub' <Latency = 0> <II = 1> <Delay = 1.56> <FuncUnit> <Opcode : 'add' 'sub'> <InPorts = 2> <OutPorts = 1>
ST_8 : Operation 126 [1/1] (0.00ns)   --->   "%zext_ln180_6 = zext i6 %add_ln180_1 to i64" [AES-XTS/main.cpp:69]   --->   Operation 126 'zext' 'zext_ln180_6' <Predicate = (!icmp_ln67)> <Delay = 0.00>
ST_8 : Operation 127 [1/1] (0.00ns)   --->   "%state_matrix_V_addr = getelementptr [16 x i16]* %state_matrix_V, i64 0, i64 %zext_ln180_6" [AES-XTS/main.cpp:69]   --->   Operation 127 'getelementptr' 'state_matrix_V_addr' <Predicate = (!icmp_ln67)> <Delay = 0.00>
ST_8 : Operation 128 [2/2] (2.32ns)   --->   "%temp_row_0_V = load i16* %state_matrix_V_addr, align 2" [AES-XTS/main.cpp:69]   --->   Operation 128 'load' 'temp_row_0_V' <Predicate = (!icmp_ln67)> <Delay = 2.32> <Core = "RAM">   --->   Core 37 'RAM' <Latency = 1> <II = 1> <Delay = 2.32> <Storage> <Opcode : 'load' 'store'> <Ports = 2> <Width = 16> <Depth = 16> <RAM>
ST_8 : Operation 129 [1/1] (0.00ns)   --->   "%trunc_ln74 = trunc i3 %indvars_iv17 to i2" [AES-XTS/main.cpp:74]   --->   Operation 129 'trunc' 'trunc_ln74' <Predicate = (icmp_ln67)> <Delay = 0.00>
ST_8 : Operation 130 [1/1] (1.76ns)   --->   "br label %.preheader25" [AES-XTS/main.cpp:72]   --->   Operation 130 'br' <Predicate = (icmp_ln67)> <Delay = 1.76>

State 9 <SV = 3> <Delay = 2.32>
ST_9 : Operation 131 [1/2] (2.32ns)   --->   "%temp_row_0_V = load i16* %state_matrix_V_addr, align 2" [AES-XTS/main.cpp:69]   --->   Operation 131 'load' 'temp_row_0_V' <Predicate = true> <Delay = 2.32> <Core = "RAM">   --->   Core 37 'RAM' <Latency = 1> <II = 1> <Delay = 2.32> <Storage> <Opcode : 'load' 'store'> <Ports = 2> <Width = 16> <Depth = 16> <RAM>
ST_9 : Operation 132 [1/1] (1.76ns)   --->   "switch i2 %idx_subscript_0, label %branch14 [
    i2 0, label %.preheader27.backedge
    i2 1, label %branch13
  ]" [AES-XTS/main.cpp:69]   --->   Operation 132 'switch' <Predicate = true> <Delay = 1.76>
ST_9 : Operation 133 [1/1] (1.76ns)   --->   "br label %.preheader27.backedge" [AES-XTS/main.cpp:69]   --->   Operation 133 'br' <Predicate = (idx_subscript_0 == 1)> <Delay = 1.76>
ST_9 : Operation 134 [1/1] (1.76ns)   --->   "br label %.preheader27.backedge" [AES-XTS/main.cpp:69]   --->   Operation 134 'br' <Predicate = (idx_subscript_0 != 0 & idx_subscript_0 != 1)> <Delay = 1.76>

State 10 <SV = 4> <Delay = 0.00>
ST_10 : Operation 135 [1/1] (0.00ns)   --->   "%temp_row_V_2_1_be = phi i16 [ %temp_row_0_V, %branch14 ], [ %temp_row_V_2_1, %branch13 ], [ %temp_row_V_2_1, %2 ]"   --->   Operation 135 'phi' 'temp_row_V_2_1_be' <Predicate = true> <Delay = 0.00>
ST_10 : Operation 136 [1/1] (0.00ns)   --->   "%temp_row_V_1_1_be = phi i16 [ %temp_row_V_1_1, %branch14 ], [ %temp_row_0_V, %branch13 ], [ %temp_row_V_1_1, %2 ]"   --->   Operation 136 'phi' 'temp_row_V_1_1_be' <Predicate = true> <Delay = 0.00>
ST_10 : Operation 137 [1/1] (0.00ns)   --->   "%temp_row_V_0_1_be = phi i16 [ %temp_row_V_0_1, %branch14 ], [ %temp_row_V_0_1, %branch13 ], [ %temp_row_0_V, %2 ]"   --->   Operation 137 'phi' 'temp_row_V_0_1_be' <Predicate = true> <Delay = 0.00>
ST_10 : Operation 138 [1/1] (0.00ns)   --->   "br label %.preheader27"   --->   Operation 138 'br' <Predicate = true> <Delay = 0.00>

State 11 <SV = 4> <Delay = 4.09>
ST_11 : Operation 139 [1/2] (2.32ns)   --->   "%temp_row_1_V = load i16* %state_matrix_V_addr_9, align 2" [AES-XTS/main.cpp:74]   --->   Operation 139 'load' 'temp_row_1_V' <Predicate = true> <Delay = 2.32> <Core = "RAM">   --->   Core 37 'RAM' <Latency = 1> <II = 1> <Delay = 2.32> <Storage> <Opcode : 'load' 'store'> <Ports = 2> <Width = 16> <Depth = 16> <RAM>
ST_11 : Operation 140 [1/1] (1.76ns)   --->   "switch i2 %sub_ln180, label %branch11 [
    i2 1, label %.preheader25.backedge
    i2 -2, label %branch10
  ]" [AES-XTS/main.cpp:74]   --->   Operation 140 'switch' <Predicate = true> <Delay = 1.76>
ST_11 : Operation 141 [1/1] (1.76ns)   --->   "br label %.preheader25.backedge" [AES-XTS/main.cpp:74]   --->   Operation 141 'br' <Predicate = (sub_ln180 == 2)> <Delay = 1.76>
ST_11 : Operation 142 [1/1] (1.76ns)   --->   "br label %.preheader25.backedge" [AES-XTS/main.cpp:74]   --->   Operation 142 'br' <Predicate = (sub_ln180 != 1 & sub_ln180 != 2)> <Delay = 1.76>
ST_11 : Operation 143 [1/1] (0.00ns)   --->   "%temp_row_V_3_1_be = phi i16 [ %temp_row_1_V, %branch11 ], [ %temp_row_V_3_1, %branch10 ], [ %temp_row_V_3_1, %3 ]"   --->   Operation 143 'phi' 'temp_row_V_3_1_be' <Predicate = true> <Delay = 0.00>
ST_11 : Operation 144 [1/1] (0.00ns)   --->   "%temp_row_V_2_3_be = phi i16 [ %temp_row_V_2_3, %branch11 ], [ %temp_row_1_V, %branch10 ], [ %temp_row_V_2_3, %3 ]"   --->   Operation 144 'phi' 'temp_row_V_2_3_be' <Predicate = true> <Delay = 0.00>
ST_11 : Operation 145 [1/1] (0.00ns)   --->   "%temp_row_V_1_3_be = phi i16 [ %temp_row_V_1_3, %branch11 ], [ %temp_row_V_1_3, %branch10 ], [ %temp_row_1_V, %3 ]"   --->   Operation 145 'phi' 'temp_row_V_1_3_be' <Predicate = true> <Delay = 0.00>
ST_11 : Operation 146 [1/1] (0.00ns)   --->   "br label %.preheader25"   --->   Operation 146 'br' <Predicate = true> <Delay = 0.00>

State 12 <SV = 4> <Delay = 2.32>
ST_12 : Operation 147 [1/1] (0.00ns)   --->   "%temp_row_V_3_5 = phi i16 [ %temp_row_V_3_3, %aes_shift_rows_label2_end.loopexit ], [ %temp_row_V_3_1, %aes_shift_rows_label2_end.loopexit93 ]" [AES-XTS/main.cpp:87]   --->   Operation 147 'phi' 'temp_row_V_3_5' <Predicate = true> <Delay = 0.00>
ST_12 : Operation 148 [1/1] (0.00ns)   --->   "%temp_row_V_2_9 = phi i16 [ %temp_row_V_2_7, %aes_shift_rows_label2_end.loopexit ], [ %temp_row_V_2_3, %aes_shift_rows_label2_end.loopexit93 ]" [AES-XTS/main.cpp:82]   --->   Operation 148 'phi' 'temp_row_V_2_9' <Predicate = true> <Delay = 0.00>
ST_12 : Operation 149 [1/1] (2.32ns)   --->   "store i16 %temp_row_V_2_9, i16* %state_matrix_V_addr_7, align 2" [AES-XTS/main.cpp:94]   --->   Operation 149 'store' <Predicate = true> <Delay = 2.32> <Core = "RAM">   --->   Core 37 'RAM' <Latency = 1> <II = 1> <Delay = 2.32> <Storage> <Opcode : 'load' 'store'> <Ports = 2> <Width = 16> <Depth = 16> <RAM>
ST_12 : Operation 150 [1/1] (2.32ns)   --->   "store i16 %temp_row_V_3_5, i16* %state_matrix_V_addr_8, align 2" [AES-XTS/main.cpp:94]   --->   Operation 150 'store' <Predicate = true> <Delay = 2.32> <Core = "RAM">   --->   Core 37 'RAM' <Latency = 1> <II = 1> <Delay = 2.32> <Storage> <Opcode : 'load' 'store'> <Ports = 2> <Width = 16> <Depth = 16> <RAM>
ST_12 : Operation 151 [1/1] (0.00ns)   --->   "%empty_17 = call i32 (...)* @_ssdm_op_SpecRegionEnd([22 x i8]* @p_str3, i32 %tmp)" [AES-XTS/main.cpp:97]   --->   Operation 151 'specregionend' 'empty_17' <Predicate = true> <Delay = 0.00>
ST_12 : Operation 152 [1/1] (0.00ns)   --->   "br label %1" [AES-XTS/main.cpp:62]   --->   Operation 152 'br' <Predicate = true> <Delay = 0.00>


============================================================
+ Verbose Summary: Timing violations
============================================================
Target clock period: 10ns, clock uncertainty: 1.25ns.

 <State 1>: 1.77ns
The critical path consists of the following:
	multiplexor before 'phi' operation ('temp_row_V_3_0', AES-XTS/main.cpp:87) with incoming values : ('temp_row[1].V', AES-XTS/main.cpp:87) ('temp_row[1].V', AES-XTS/main.cpp:74) [7]  (1.77 ns)

 <State 2>: 1.77ns
The critical path consists of the following:
	multiplexor before 'phi' operation ('temp_row_V_2_5', AES-XTS/main.cpp:87) with incoming values : ('temp_row[0].V', AES-XTS/main.cpp:82) ('temp_row[1].V', AES-XTS/main.cpp:87) ('temp_row[0].V', AES-XTS/main.cpp:69) ('temp_row[1].V', AES-XTS/main.cpp:74) [38]  (1.77 ns)

 <State 3>: 5.75ns
The critical path consists of the following:
	'phi' operation ('idx_subscript3') with incoming values : ('idx_subscript3', AES-XTS/main.cpp:80) [41]  (0 ns)
	'add' operation ('add_ln82', AES-XTS/main.cpp:82) [48]  (1.65 ns)
	'add' operation ('add_ln180_2', AES-XTS/main.cpp:82) [50]  (1.78 ns)
	'getelementptr' operation ('state_matrix_V_addr_4', AES-XTS/main.cpp:82) [52]  (0 ns)
	'load' operation ('temp_row[0].V', AES-XTS/main.cpp:82) on array 'state_matrix_V' [53]  (2.32 ns)

 <State 4>: 2.32ns
The critical path consists of the following:
	'load' operation ('temp_row[0].V', AES-XTS/main.cpp:82) on array 'state_matrix_V' [53]  (2.32 ns)

 <State 5>: 0ns
The critical path consists of the following:

 <State 6>: 4.09ns
The critical path consists of the following:
	'phi' operation ('temp_row_V_1_7', AES-XTS/main.cpp:69) with incoming values : ('temp_row[0].V', AES-XTS/main.cpp:82) ('temp_row[1].V', AES-XTS/main.cpp:87) ('temp_row[0].V', AES-XTS/main.cpp:69) ('temp_row[1].V', AES-XTS/main.cpp:74) [70]  (0 ns)
	multiplexor before 'phi' operation ('temp_row_V_1_9', AES-XTS/main.cpp:82) with incoming values : ('temp_row[0].V', AES-XTS/main.cpp:82) ('temp_row[1].V', AES-XTS/main.cpp:87) ('temp_row[0].V', AES-XTS/main.cpp:69) ('temp_row[1].V', AES-XTS/main.cpp:74) [157]  (1.77 ns)
	'phi' operation ('temp_row_V_1_9', AES-XTS/main.cpp:82) with incoming values : ('temp_row[0].V', AES-XTS/main.cpp:82) ('temp_row[1].V', AES-XTS/main.cpp:87) ('temp_row[0].V', AES-XTS/main.cpp:69) ('temp_row[1].V', AES-XTS/main.cpp:74) [157]  (0 ns)
	'store' operation ('store_ln94', AES-XTS/main.cpp:94) of variable 'temp_row_V_1_9', AES-XTS/main.cpp:82 on array 'state_matrix_V' [160]  (2.32 ns)

 <State 7>: 4.09ns
The critical path consists of the following:
	'load' operation ('temp_row[1].V', AES-XTS/main.cpp:87) on array 'state_matrix_V' [80]  (2.32 ns)
	multiplexor before 'phi' operation ('temp_row[3].V') with incoming values : ('temp_row[1].V', AES-XTS/main.cpp:87) ('temp_row[1].V', AES-XTS/main.cpp:74) [88]  (1.77 ns)
	'phi' operation ('temp_row[3].V') with incoming values : ('temp_row[1].V', AES-XTS/main.cpp:87) ('temp_row[1].V', AES-XTS/main.cpp:74) [88]  (0 ns)

 <State 8>: 5.75ns
The critical path consists of the following:
	'phi' operation ('idx_subscript') with incoming values : ('idx_subscript', AES-XTS/main.cpp:67) [100]  (0 ns)
	'add' operation ('add_ln69', AES-XTS/main.cpp:69) [107]  (1.65 ns)
	'add' operation ('add_ln180_1', AES-XTS/main.cpp:69) [109]  (1.78 ns)
	'getelementptr' operation ('state_matrix_V_addr', AES-XTS/main.cpp:69) [111]  (0 ns)
	'load' operation ('temp_row[0].V', AES-XTS/main.cpp:69) on array 'state_matrix_V' [112]  (2.32 ns)

 <State 9>: 2.32ns
The critical path consists of the following:
	'load' operation ('temp_row[0].V', AES-XTS/main.cpp:69) on array 'state_matrix_V' [112]  (2.32 ns)

 <State 10>: 0ns
The critical path consists of the following:

 <State 11>: 4.09ns
The critical path consists of the following:
	'load' operation ('temp_row[1].V', AES-XTS/main.cpp:74) on array 'state_matrix_V' [140]  (2.32 ns)
	multiplexor before 'phi' operation ('temp_row[3].V') with incoming values : ('temp_row[1].V', AES-XTS/main.cpp:87) ('temp_row[1].V', AES-XTS/main.cpp:74) [148]  (1.77 ns)
	'phi' operation ('temp_row[3].V') with incoming values : ('temp_row[1].V', AES-XTS/main.cpp:87) ('temp_row[1].V', AES-XTS/main.cpp:74) [148]  (0 ns)

 <State 12>: 2.32ns
The critical path consists of the following:
	'phi' operation ('temp_row_V_3_5', AES-XTS/main.cpp:87) with incoming values : ('temp_row[1].V', AES-XTS/main.cpp:87) ('temp_row[1].V', AES-XTS/main.cpp:74) [155]  (0 ns)
	'store' operation ('store_ln94', AES-XTS/main.cpp:94) of variable 'temp_row_V_3_5', AES-XTS/main.cpp:87 on array 'state_matrix_V' [162]  (2.32 ns)


============================================================
+ Verbose Summary: Binding
============================================================
N/A
* FSMD analyzer results:
  - Output states:
 - Input state : 
  - Chain level:
	State 1
	State 2
	State 3
	State 4
	State 5
	State 6
	State 7
	State 8
	State 9
	State 10
	State 11
	State 12


============================================================
+ Verbose Summary: Datapath Resource usage 
============================================================
N/A
